: Lcom/facebook/FacebookSdk;->c();->Landroid/os/Bundle;->get
: Lcom/facebook/FacebookSdk;->c();->Landroid/os/Bundle;->getBoolean
: Lcom/facebook/FacebookSdk;->c();->Landroid/os/Bundle;->getInt
: Lcom/facebook/FacebookSdk;->c();->Landroid/os/Bundle;->getString
: Lcom/facebook/GraphRequest;->m();->Landroid/os/Bundle;->putString
: Lcom/facebook/GraphRequest;->m();->Landroid/os/Bundle;->putString
: Lcom/facebook/GraphRequest;->b();->Landroid/os/Bundle;->get
: Lcom/facebook/GraphRequest;->b();->Landroid/os/Bundle;->get
: Lcom/facebook/GraphRequest;->b();->Landroid/os/Bundle;->get
: Lcom/facebook/GraphRequest;->a();->Ljava/net/URL;-><init>
: Lcom/facebook/internal/s;->b();->Landroid/content/ContentResolver;->query
: Lcom/android/volley/VolleyLog;-><clinit>();->Landroid/util/Log;->i
: Lcom/facebook/appevents/e;->b();->Landroid/content/Intent;-><init>
: Lcom/facebook/appevents/e;->b();->Landroid/content/Intent;->putExtra
: Lcom/facebook/GraphRequest;->a();->Ljava/net/URL;->openConnection
: Lcom/a/a/c/a;->a();->Landroid/util/Log;->e
: Lcom/a/a/c/k;-><init>();->Landroid/content/Context;->registerReceiver
: Lcom/google/android/gms/common/internal/zzbd;->c();->Landroid/os/Bundle;->get
: Lcom/google/android/gms/common/internal/zzbd;->c();->Landroid/os/Bundle;->getInt
: Lcom/google/android/gms/common/internal/zzbd;->c();->Landroid/os/Bundle;->getString
: Lcom/a/a/c/e;->a();->Ljava/io/OutputStream;->write
: Lcom/newsdog/utils/g;->a();->Landroid/os/Bundle;->get
: Lcom/newsdog/utils/g;->a();->Landroid/os/Bundle;->getString
: Lcom/newsdog/c/x;->a();->Landroid/util/Log;->e
: Lcom/a/a/c/e;->a();->Ljava/io/OutputStream;->write
: Lcom/a/a/c/e;->a();->Ljava/io/OutputStream;->write
: Lcom/google/android/gms/common/b;-><init>();->Landroid/util/Log;->w
: Lcom/google/android/gms/common/b;-><init>();->Landroid/util/Log;->wtf
: Lcom/google/android/gms/common/b;-><init>();->Landroid/util/Log;->w
: Lcom/google/android/gms/common/b;-><init>();->Landroid/util/Log;->wtf
: Lcom/google/android/gms/common/b;-><init>();->Landroid/util/Log;->w
: Lcom/a/a/c/e;->a();->Ljava/io/OutputStream;->write
: Lcom/google/android/gms/common/b;-><init>();->Landroid/util/Log;->wtf
: Lcom/google/firebase/a;->a();->Landroid/util/Log;->d
: Lcom/google/android/gms/common/b;-><init>();->Landroid/util/Log;->w
: Lcom/newsdog/n/f/c;->d();->Landroid/util/Log;->e
: Lcom/google/android/gms/common/b;-><init>();->Landroid/util/Log;->wtf
: Lcom/newsdog/n/f/c;->b();->Landroid/util/Log;->e
: Lcom/google/firebase/iid/q;-><init>();->Landroid/util/Log;->i
: Lcom/google/firebase/a;->a();->Landroid/util/Log;->d
: Lcom/a/a/c/e;->a();->Ljava/io/OutputStream;->write
: Lcom/newsdog/utils/h;->a();->Landroid/util/Log;->e
: Lcom/a/a/c/e;->a();->Ljava/io/OutputStream;->write
: Lcom/newsdog/utils/i/a;->a();->Landroid/util/Log;->e
: Lcom/google/android/gms/internal/zzcfl;->a();->Landroid/util/Log;->i
: Lcom/google/android/gms/internal/zzcfl;->a();->Landroid/util/Log;->i
: Lcom/google/android/gms/internal/zzcet;->a();->Ljava/util/Locale;->getCountry
: Lcom/newsdog/app/NewsDogApp;->a();->Landroid/util/Log;->e
: Lcom/google/android/gms/internal/zzcfl;->a();->Landroid/util/Log;->i
: Lcom/google/android/gms/internal/zzcfl;->a();->Landroid/util/Log;->i
: Lcom/google/android/gms/internal/zzcfl;->a();->Landroid/util/Log;->i
: Lcom/google/android/gms/internal/zzcfl;->a();->Landroid/util/Log;->i
: Lcom/google/android/gms/internal/zzcjg;->B();->Landroid/content/Intent;-><init>
: Lcom/google/android/gms/internal/zzcjg;->B();->Landroid/app/PendingIntent;->getBroadcast
: Lcom/google/android/gms/internal/zzcjg;->B();->Landroid/content/Intent;->setAction
: Lcom/google/android/gms/internal/zzcjg;->B();->Landroid/content/Intent;->setClassName
: Lcom/google/android/gms/internal/zzcfl;->a();->Landroid/util/Log;->i
: Lcom/google/android/gms/internal/zzcfl;->a();->Landroid/util/Log;->i
: Lcom/google/android/gms/common/b;-><init>();->Landroid/util/Log;->w
: Lcom/google/android/gms/common/b;-><init>();->Landroid/util/Log;->wtf
: Lcom/google/android/gms/common/b;-><init>();->Landroid/util/Log;->w
: Lcom/google/android/gms/common/b;-><init>();->Landroid/util/Log;->wtf
: Lcom/google/android/gms/common/stats/zza;->a();->Landroid/content/Intent;->getComponent
: Lcom/google/android/gms/common/b;-><init>();->Landroid/util/Log;->w
: Lcom/google/android/gms/common/b;-><init>();->Landroid/util/Log;->wtf
: Lcom/google/android/gms/common/b;-><init>();->Landroid/util/Log;->w
: Lcom/google/android/gms/common/b;-><init>();->Landroid/util/Log;->wtf
: Lcom/google/android/gms/common/b;-><init>();->Landroid/util/Log;->w
: Lcom/google/android/gms/common/b;-><init>();->Landroid/util/Log;->wtf
: Lcom/newsdog/app/NewsDogApp;->j();->Landroid/util/Log;->e
: Lcom/google/android/gms/common/b;-><init>();->Landroid/util/Log;->w
: Lcom/newsdog/app/NewsDogApp;->j();->Landroid/util/Log;->e
: Lcom/google/android/gms/common/stats/zza;->a();->Landroid/content/Intent;->getComponent
: Lcom/google/android/gms/common/b;-><init>();->Landroid/util/Log;->wtf
: Lcom/google/android/gms/common/stats/zza;->a();->Landroid/content/Intent;->getComponent
: Lcom/google/android/gms/common/stats/zza;->a();->Landroid/content/Context;->bindService
: Lcom/newsdog/utils/g;->g();->Landroid/telephony/TelephonyManager;->getDeviceId
: Lcom/google/android/gms/ads/identifier/AdvertisingIdClient;->zzd();->Landroid/content/Intent;-><init>
: Lcom/google/android/gms/common/stats/zza;->a();->Landroid/content/Context;->bindService
: Lcom/google/android/gms/ads/identifier/AdvertisingIdClient;->zzd();->Landroid/content/Intent;-><init>
: Lcom/google/android/gms/internal/zzcfl;->a();->Landroid/util/Log;->i
: Lcom/google/android/gms/common/stats/zza;->a();->Landroid/content/Context;->bindService
: Lcom/google/android/gms/ads/identifier/AdvertisingIdClient;->zzd();->Landroid/content/Intent;-><init>
: Lcom/google/android/gms/internal/zzcfl;->a();->Landroid/util/Log;->i
: Lcom/google/android/gms/common/b;-><init>();->Landroid/util/Log;->w
: Lcom/google/android/gms/common/b;-><init>();->Landroid/util/Log;->wtf
: Lcom/google/android/gms/common/b;-><init>();->Landroid/util/Log;->w
: Lcom/google/android/gms/common/b;-><init>();->Landroid/util/Log;->wtf
: Lcom/google/android/gms/common/stats/zza;->a();->Landroid/content/Intent;->getComponent
: Lcom/google/android/gms/common/stats/zza;->a();->Landroid/content/Context;->bindService
: Lcom/google/android/gms/ads/identifier/AdvertisingIdClient;->zzd();->Landroid/content/Intent;-><init>
: Lcom/newsdog/app/NewsDogApp;->c();->Landroid/util/Log;->e
: Lcom/newsdog/n/d/c;->d();->Landroid/content/Context;->registerReceiver
: Lcom/newsdog/n/d/e;->a();->Landroid/util/Log;->d
: Lcom/newsdog/n/d/e;->j();->Landroid/content/Intent;-><init>
: Lcom/newsdog/n/d/e;->j();->Landroid/content/Context;->sendBroadcast
: Lcom/newsdog/utils/p;->c();->Landroid/util/Log;->e
: Lcom/newsdog/n/d/e;->i();->Landroid/content/Intent;-><init>
: Lcom/newsdog/n/d/e;->i();->Landroid/content/Intent;->putExtra
: Lcom/newsdog/n/d/e;->i();->Landroid/content/Context;->sendBroadcast
: Lcom/newsdog/n/d/c$1;->onReceive();->Landroid/content/Intent;->getAction
: Lcom/appsflyer/c;->a();->Landroid/util/Log;->i
: Lcom/appsflyer/c;->a();->Landroid/util/Log;->i
: Lcom/newsdog/quickread/receiver/QuickReadReceiver;->onReceive();->Landroid/content/Intent;->getAction
: Lcom/appsflyer/c;->b();->Landroid/util/Log;->d
: Lcom/appsflyer/c;->b();->Landroid/util/Log;->d
: Lcom/newsdog/app/NewsDogApp;->m();->Landroid/content/IntentFilter;->addAction
: Lcom/newsdog/utils/p;->c();->Landroid/util/Log;->e
: Lcom/flurry/sdk/kc;->c();->Landroid/content/Context;->registerReceiver
: Lcom/xiaomi/mipush/sdk/b;->q();->Landroid/content/Context;->registerReceiver
: Lcom/xiaomi/mipush/sdk/b;->q();->Landroid/content/IntentFilter;->addAction
: Lcom/google/android/gms/common/b;-><init>();->Landroid/util/Log;->w
: Lcom/google/android/gms/common/b;-><init>();->Landroid/util/Log;->wtf
: Lcom/google/android/gms/common/b;-><init>();->Landroid/util/Log;->w
: Lcom/xiaomi/mipush/sdk/am;->j();->Landroid/content/Intent;->setComponent
: Lcom/google/android/gms/common/b;-><init>();->Landroid/util/Log;->wtf
: Lcom/xiaomi/mipush/sdk/am;->j();->Landroid/content/Intent;->putExtra
: Lcom/google/android/gms/common/stats/zza;->a();->Landroid/content/Intent;->getComponent
: Lcom/xiaomi/mipush/sdk/am;->a();->Landroid/content/Context;->startService
: Lcom/google/android/gms/common/stats/zza;->a();->Landroid/content/Context;->bindService
: Lcom/google/android/gms/ads/identifier/AdvertisingIdClient;->zzd();->Landroid/content/Intent;-><init>
: Lcom/google/android/gms/common/b;-><init>();->Landroid/util/Log;->w
: Lcom/google/android/gms/common/b;-><init>();->Landroid/util/Log;->wtf
: Lcom/google/android/gms/common/b;-><init>();->Landroid/util/Log;->w
: Lcom/google/android/gms/common/b;-><init>();->Landroid/util/Log;->wtf
: Lcom/newsdog/utils/p;->c();->Landroid/util/Log;->e
: Lcom/xiaomi/mipush/sdk/f;->b();->Landroid/content/Intent;-><init>
: Lcom/xiaomi/mipush/sdk/f;->b();->Landroid/content/Intent;->setClassName
: Lcom/newsdog/n/f/c;->d();->Landroid/util/Log;->e
: Lcom/newsdog/n/f/c;->b();->Landroid/util/Log;->e
: Lcom/facebook/appevents/g;->a();->Landroid/util/Log;->d
: Lcom/newsdog/h/c;->a();->Landroid/util/Log;->e
: Lcom/google/android/gms/common/b;-><init>();->Landroid/util/Log;->w
: Lcom/google/android/gms/common/b;-><init>();->Landroid/util/Log;->wtf
: Lcom/google/android/gms/common/b;-><init>();->Landroid/util/Log;->w
: Lcom/google/android/gms/common/b;-><init>();->Landroid/util/Log;->wtf
: Lcom/newsdog/utils/p;->c();->Landroid/util/Log;->e
: Lcom/appsflyer/c;->a();->Landroid/util/Log;->i
: Lcom/xiaomi/mipush/sdk/PushServiceReceiver;->onReceive();->Landroid/content/Intent;->getAction
: Lcom/xiaomi/mipush/sdk/PushServiceReceiver;->onReceive();->Landroid/content/Intent;-><init>
: Lcom/xiaomi/mipush/sdk/PushServiceReceiver;->onReceive();->Landroid/content/Intent;->setAction
: Lcom/xiaomi/mipush/sdk/PushServiceReceiver;->onReceive();->Landroid/content/Intent;->putExtra
: Lcom/xiaomi/mipush/sdk/PushServiceReceiver;->onReceive();->Landroid/content/Context;->startService
: Lcom/xiaomi/mipush/sdk/f;->a();->Landroid/content/Intent;-><init>
: Lcom/xiaomi/mipush/sdk/f;->a();->Landroid/content/Intent;->putExtra
: Lcom/google/android/gms/common/b;-><init>();->Landroid/util/Log;->w
: Lcom/google/android/gms/common/b;-><init>();->Landroid/util/Log;->wtf
: Lcom/google/android/gms/common/b;-><init>();->Landroid/util/Log;->w
: Lcom/xiaomi/mipush/sdk/am;->j();->Landroid/content/Intent;->setComponent
: Lcom/xiaomi/mipush/sdk/am;->j();->Landroid/content/Intent;->putExtra
: Lcom/google/android/gms/common/b;-><init>();->Landroid/util/Log;->wtf
: Lcom/google/android/gms/common/stats/zza;->a();->Landroid/content/Intent;->getComponent
: Lcom/facebook/appevents/b;->b();->Landroid/util/Log;->w
: Lcom/facebook/appevents/c;->a();->Landroid/os/Bundle;->get
: Lcom/xiaomi/mipush/sdk/PushMessageHandler;->onHandleIntent();->Landroid/content/Intent;-><init>
: Lcom/xiaomi/mipush/sdk/PushMessageHandler;->onHandleIntent();->Landroid/content/pm/PackageManager;->queryBroadcastReceivers
: Lcom/xiaomi/mipush/sdk/PushMessageHandler;->onHandleIntent();->Landroid/content/Intent;->putExtra
: Lcom/xiaomi/mipush/sdk/am;->a();->Landroid/content/Context;->startService
: Lcom/newsdog/n/f/c;->d();->Landroid/util/Log;->e
: Lcom/newsdog/n/f/c;->b();->Landroid/util/Log;->e
: Lcom/newsdog/utils/p;->c();->Landroid/util/Log;->e
: Lcom/newsdog/push/xiaomi/MiMessageReceiver;->onReceiveRegisterResult();->Landroid/util/Log;->e
: Lcom/xiaomi/mipush/sdk/MessageHandleService;->a();->Landroid/content/Intent;->getSerializableExtra
: Lcom/xiaomi/mipush/sdk/PushMessageHandler;->a();->Landroid/content/Intent;-><init>
: Lcom/google/android/gms/common/b;-><init>();->Landroid/util/Log;->w
: Lcom/google/android/gms/common/b;-><init>();->Landroid/util/Log;->wtf
: Lcom/google/android/gms/common/b;-><init>();->Landroid/util/Log;->w
: Lcom/google/android/gms/common/b;-><init>();->Landroid/util/Log;->wtf
: Lcom/google/android/gms/common/b;-><init>();->Landroid/util/Log;->w
: Lcom/google/android/gms/common/b;-><init>();->Landroid/util/Log;->wtf
: Lcom/google/android/gms/common/b;-><init>();->Landroid/util/Log;->w
: Lcom/google/android/gms/common/b;-><init>();->Landroid/util/Log;->wtf
: Lcom/xiaomi/mipush/sdk/am;->j();->Landroid/content/Intent;->setComponent
: Lcom/appsflyer/AppsFlyerLib;->a();->Landroid/os/Bundle;->get
: Lcom/xiaomi/mipush/sdk/am;->j();->Landroid/content/Intent;->putExtra
: Lcom/xiaomi/a/a/a/e;->d();->Landroid/telephony/TelephonyManager;->getDeviceId
: Lcom/appsflyer/v;->a();->Ljava/net/URL;-><init>
: Lcom/xiaomi/mipush/sdk/am;->a();->Landroid/content/Context;->startService
: Lcom/xiaomi/mipush/sdk/am;->a();->Landroid/content/Intent;->setAction
: Lcom/xiaomi/mipush/sdk/am;->a();->Landroid/content/Intent;->putExtra
: Lcom/appsflyer/c;->a();->Landroid/util/Log;->i
: Lcom/xiaomi/a/a/c/b;->a();->Landroid/util/Log;->v
: Lcom/google/android/gms/common/b;-><init>();->Landroid/util/Log;->w
: Lcom/google/android/gms/common/b;-><init>();->Landroid/util/Log;->wtf
: Lcom/google/android/gms/common/b;-><init>();->Landroid/util/Log;->w
: Lcom/google/android/gms/common/b;-><init>();->Landroid/util/Log;->wtf
: Lcom/google/android/gms/common/stats/zza;->a();->Landroid/content/Context;->bindService
: Lcom/google/android/gms/ads/identifier/AdvertisingIdClient;->zzd();->Landroid/content/Intent;-><init>
: Lcom/google/android/gms/common/stats/zza;->a();->Landroid/content/Intent;->getComponent
: Lcom/simple/database/c/a;->a();->Landroid/database/sqlite/SQLiteDatabase;->query
: Lcom/google/android/gms/common/stats/zza;->a();->Landroid/content/Context;->bindService
: Lcom/google/android/gms/ads/identifier/AdvertisingIdClient;->zzd();->Landroid/content/Intent;-><init>
: Lcom/xiaomi/mipush/sdk/am;->j();->Landroid/content/Intent;->setComponent
: Lcom/xiaomi/mipush/sdk/am;->j();->Landroid/content/Intent;->putExtra
: Lcom/google/android/gms/dynamite/DynamiteModule;->c();->Landroid/database/Cursor;->getString
: Lcom/xiaomi/mipush/sdk/am;->a();->Landroid/content/Context;->startService
: Lcom/xiaomi/mipush/sdk/am;->a();->Landroid/content/Intent;->setAction
: Lcom/xiaomi/mipush/sdk/am;->a();->Landroid/content/Intent;->putExtra
: Lcom/xiaomi/a/a/c/b;->a();->Landroid/util/Log;->v
: Lcom/xiaomi/a/a/c/b;->a();->Landroid/util/Log;->v
: Lcom/xiaomi/d/d;->a();->Ljava/io/OutputStream;->write
: Lcom/facebook/internal/c;->a();->Landroid/database/Cursor;->getString
: Lcom/facebook/internal/Utility;->a();->Ljava/util/Locale;->getCountry
: Lcom/facebook/internal/c;->a();->Landroid/database/Cursor;->getString
: Lcom/facebook/appevents/e;->a();->Landroid/os/Bundle;->putString
: Lcom/facebook/internal/Utility;->a();->Ljava/util/Locale;->getCountry
: Lcom/facebook/appevents/m;->a();->Landroid/os/Bundle;->putByte
: Lcom/facebook/appevents/m;->a();->Landroid/os/Bundle;->putByteArray
: Lcom/facebook/GraphRequest;->m();->Landroid/os/Bundle;->putString
: Lcom/facebook/GraphRequest;->m();->Landroid/os/Bundle;->putString
: Lcom/facebook/GraphRequest;->b();->Landroid/os/Bundle;->get
: Lcom/facebook/GraphRequest;->b();->Landroid/os/Bundle;->get
: Lcom/facebook/GraphRequest;->b();->Landroid/os/Bundle;->get
: Lcom/facebook/GraphRequest;->a();->Ljava/net/URL;-><init>
: Lcom/facebook/GraphRequest;->a();->Ljava/net/URL;->openConnection
: Lcom/facebook/GraphRequest;->f();->Landroid/os/Bundle;->get
: Lcom/facebook/internal/i;->c();->Landroid/os/Bundle;->putString
: Lcom/facebook/internal/c;->a();->Landroid/util/Log;->e
: Lcom/facebook/internal/Utility;->a();->Ljava/util/Locale;->getCountry
: Lcom/facebook/GraphRequest;->a();->Landroid/os/Bundle;->get
: Lcom/facebook/GraphRequest$b;->a();->Ljava/io/OutputStream;->write
: Lcom/facebook/GraphRequest$b;->a();->Ljava/io/OutputStream;->write
: Lcom/facebook/GraphRequest$b;->a();->Ljava/io/OutputStream;->write
: Lcom/facebook/GraphRequest$b;->a();->Ljava/io/OutputStream;->write
: Lcom/facebook/GraphRequest$b;->a();->Ljava/io/OutputStream;->write
: Lcom/facebook/GraphRequest$b;->a();->Ljava/io/OutputStream;->write
: Lcom/facebook/GraphRequest$b;->a();->Ljava/io/OutputStream;->write
: Lcom/facebook/GraphRequest$b;->a();->Ljava/io/OutputStream;->write
: Lcom/facebook/GraphRequest$b;->a();->Ljava/io/OutputStream;->write
: Lcom/facebook/GraphRequest;->a();->Landroid/os/Bundle;->get
: Lcom/facebook/GraphRequest$b;->a();->Ljava/io/OutputStream;->write
: Lcom/facebook/GraphRequest$b;->a();->Ljava/io/OutputStream;->write
: Lcom/facebook/GraphRequest$b;->a();->Ljava/io/OutputStream;->write
: Lcom/facebook/GraphRequest$b;->a();->Ljava/io/OutputStream;->write
: Lcom/facebook/GraphRequest$b;->a();->Ljava/io/OutputStream;->write
: Lcom/facebook/GraphRequest$b;->a();->Ljava/io/OutputStream;->write
: Lcom/facebook/GraphRequest$b;->a();->Ljava/io/OutputStream;->write
: Lcom/facebook/GraphRequest$b;->a();->Ljava/io/OutputStream;->write
: Lcom/facebook/GraphRequest$b;->a();->Ljava/io/OutputStream;->write
: Lcom/facebook/GraphRequest;->a();->Landroid/os/Bundle;->get
: Lcom/facebook/GraphRequest$b;->a();->Ljava/io/OutputStream;->write
: Lcom/facebook/GraphRequest$b;->a();->Ljava/io/OutputStream;->write
: Lcom/facebook/GraphRequest$b;->a();->Ljava/io/OutputStream;->write
: Lcom/facebook/GraphRequest$b;->a();->Ljava/io/OutputStream;->write
: Lcom/facebook/GraphRequest$b;->a();->Ljava/io/OutputStream;->write
: Lcom/facebook/GraphRequest$b;->a();->Ljava/io/OutputStream;->write
: Lcom/facebook/GraphRequest$b;->a();->Ljava/io/OutputStream;->write
: Lcom/facebook/GraphRequest$b;->a();->Ljava/io/OutputStream;->write
: Lcom/facebook/GraphRequest$b;->a();->Ljava/io/OutputStream;->write
: Lcom/facebook/GraphRequest$b;->a();->Ljava/io/OutputStream;->write
: Lcom/facebook/GraphRequest$b;->a();->Ljava/io/OutputStream;->write
: Lcom/facebook/GraphRequest$b;->a();->Ljava/io/OutputStream;->write
: Lcom/facebook/GraphRequest$b;->a();->Ljava/io/OutputStream;->write
: Lcom/facebook/GraphRequest$b;->a();->Ljava/io/OutputStream;->write
: Lcom/facebook/GraphRequest$b;->a();->Ljava/io/OutputStream;->write
: Lcom/facebook/GraphRequest$b;->a();->Ljava/io/OutputStream;->write
: Lcom/facebook/GraphRequest$b;->a();->Ljava/io/OutputStream;->write
: Lcom/facebook/GraphRequest$b;->a();->Ljava/io/OutputStream;->write
: Lcom/facebook/GraphRequest$b;->a();->Ljava/io/OutputStream;->write
: Lcom/facebook/GraphRequest$b;->a();->Ljava/io/OutputStream;->write
: Lcom/facebook/GraphRequest$b;->a();->Ljava/io/OutputStream;->write
: Lcom/facebook/GraphRequest$b;->a();->Ljava/io/OutputStream;->write
: Lcom/facebook/GraphRequest$b;->a();->Ljava/io/OutputStream;->write
: Lcom/facebook/GraphRequest$b;->a();->Ljava/io/OutputStream;->write
: Lcom/facebook/GraphRequest$b;->a();->Ljava/io/OutputStream;->write
: Lcom/facebook/GraphRequest$b;->a();->Ljava/io/OutputStream;->write
: Lcom/facebook/GraphRequest$b;->a();->Ljava/io/OutputStream;->write
: Lcom/facebook/GraphRequest$b;->a();->Ljava/io/OutputStream;->write
: Lcom/facebook/GraphRequest$b;->a();->Ljava/io/OutputStream;->write
: Lcom/facebook/GraphRequest$b;->a();->Ljava/io/OutputStream;->write
: Lcom/facebook/GraphRequest$b;->a();->Ljava/io/OutputStream;->write
: Lcom/facebook/GraphRequest$b;->a();->Ljava/io/OutputStream;->write
: Lcom/facebook/GraphRequest$b;->a();->Ljava/io/OutputStream;->write
: Lcom/facebook/GraphRequest$b;->a();->Ljava/io/OutputStream;->write
: Lcom/facebook/GraphRequest$b;->a();->Ljava/io/OutputStream;->write
: Lcom/facebook/GraphRequest$b;->a();->Ljava/io/OutputStream;->write
: Lcom/facebook/GraphRequest$b;->a();->Ljava/io/OutputStream;->write
: Lcom/facebook/GraphRequest$b;->a();->Ljava/io/OutputStream;->write
: Lcom/facebook/GraphRequest$b;->a();->Ljava/io/OutputStream;->write
: Lcom/facebook/GraphRequest$b;->a();->Ljava/io/OutputStream;->write
: Lcom/facebook/GraphRequest$b;->a();->Ljava/io/OutputStream;->write
: Lcom/facebook/GraphRequest$b;->a();->Ljava/io/OutputStream;->write
: Lcom/facebook/GraphRequest$b;->a();->Ljava/io/OutputStream;->write
: Lcom/facebook/GraphRequest$b;->a();->Ljava/io/OutputStream;->write
: Lcom/facebook/GraphRequest$b;->a();->Ljava/io/OutputStream;->write
: Lcom/facebook/GraphRequest$b;->a();->Ljava/io/OutputStream;->write
: Lcom/facebook/GraphRequest$b;->a();->Ljava/io/OutputStream;->write
: Lcom/facebook/GraphRequest$b;->a();->Ljava/io/OutputStream;->write
: Lcom/facebook/GraphRequest$b;->a();->Ljava/io/OutputStream;->write
: Lcom/facebook/GraphRequest$b;->a();->Ljava/io/OutputStream;->write
: Lcom/facebook/GraphRequest$b;->a();->Ljava/io/OutputStream;->write
: Lcom/facebook/GraphRequest$b;->a();->Ljava/io/OutputStream;->write
: Lcom/facebook/GraphRequest$b;->a();->Ljava/io/OutputStream;->write
: Lcom/facebook/GraphRequest$b;->a();->Ljava/io/OutputStream;->write
: Lcom/facebook/GraphRequest$b;->a();->Ljava/io/OutputStream;->write
: Lcom/facebook/GraphRequest$b;->a();->Ljava/io/OutputStream;->write
: Lcom/facebook/GraphRequest$b;->a();->Ljava/io/OutputStream;->write
: Lcom/facebook/GraphRequest$b;->a();->Ljava/io/OutputStream;->write
: Lcom/facebook/GraphRequest$b;->a();->Ljava/io/OutputStream;->write
: Lcom/facebook/GraphRequest$b;->a();->Ljava/io/OutputStream;->write
: Lcom/facebook/GraphRequest$b;->a();->Ljava/io/OutputStream;->write
: Lcom/facebook/GraphRequest$b;->a();->Ljava/io/OutputStream;->write
: Lcom/facebook/GraphRequest$b;->a();->Ljava/io/OutputStream;->write
: Lcom/facebook/GraphRequest$b;->a();->Ljava/io/OutputStream;->write
: Lcom/facebook/GraphRequest$b;->a();->Ljava/io/OutputStream;->write
: Lcom/facebook/GraphRequest$b;->a();->Ljava/io/OutputStream;->write
: Lcom/facebook/GraphRequest$b;->a();->Ljava/io/OutputStream;->write
: Lcom/facebook/GraphRequest$b;->a();->Ljava/io/OutputStream;->write
: Lcom/facebook/GraphRequest$b;->a();->Ljava/io/OutputStream;->write
: Lcom/facebook/GraphRequest$b;->a();->Ljava/io/OutputStream;->write
: Lcom/facebook/GraphRequest$b;->a();->Ljava/io/OutputStream;->write
: Lcom/facebook/GraphRequest$b;->a();->Ljava/io/OutputStream;->write
: Lcom/facebook/GraphRequest$b;->a();->Ljava/io/OutputStream;->write
: Lcom/facebook/GraphRequest$b;->a();->Ljava/io/OutputStream;->write
: Lcom/facebook/GraphRequest$b;->a();->Ljava/io/OutputStream;->write
: Lcom/facebook/GraphRequest$b;->a();->Ljava/io/OutputStream;->write
: Lcom/facebook/GraphRequest$b;->a();->Ljava/io/OutputStream;->write
: Lcom/facebook/GraphRequest$b;->a();->Ljava/io/OutputStream;->write
: Lcom/facebook/GraphRequest$b;->a();->Ljava/io/OutputStream;->write
: Lcom/facebook/GraphRequest$b;->a();->Ljava/io/OutputStream;->write
: Lcom/facebook/GraphRequest$b;->a();->Ljava/io/OutputStream;->write
: Lcom/facebook/GraphRequest$b;->a();->Ljava/io/OutputStream;->write
: Lcom/facebook/GraphRequest$b;->a();->Ljava/io/OutputStream;->write
: Lcom/facebook/GraphRequest$b;->a();->Ljava/io/OutputStream;->write
: Lcom/facebook/GraphRequest$b;->a();->Ljava/io/OutputStream;->write
: Lcom/newsdog/quickread/sync/SyncService;->onBind();->Landroid/content/Intent;->getAction
: Lcom/newsdog/utils/p;->c();->Landroid/util/Log;->e
: Lcom/xiaomi/a/a/c/b;->a();->Landroid/util/Log;->v
: Lcom/xiaomi/mipush/sdk/PushMessageReceiver;->onReceive();->Landroid/content/Intent;-><init>
: Lcom/xiaomi/mipush/sdk/PushMessageReceiver;->onReceive();->Landroid/content/Context;->startService
: Lcom/xiaomi/a/a/c/b;->a();->Landroid/util/Log;->v
: Lcom/xiaomi/a/a/c/b;->a();->Landroid/util/Log;->v
: Lcom/newsdog/app/NewsDogApp;->p();->Landroid/util/Log;->e
: Lcom/newsdog/utils/g;->q();->Landroid/net/wifi/WifiInfo;->getMacAddress
: Lcom/newsdog/utils/p;->c();->Landroid/util/Log;->e
: Lcom/newsdog/utils/h;->a();->Landroid/util/Log;->e
: Lcom/simple/database/c/a;->a();->Landroid/database/sqlite/SQLiteDatabase;->query
: Lcom/facebook/appevents/e;->b();->Landroid/content/Intent;-><init>
: Lcom/facebook/appevents/e;->b();->Landroid/content/Intent;->putExtra
: Lcom/newsdog/utils/p;->c();->Landroid/util/Log;->e
: Lcom/google/android/gms/common/b;-><init>();->Landroid/util/Log;->w
: Lcom/google/android/gms/common/b;-><init>();->Landroid/util/Log;->wtf
: Lcom/google/android/gms/common/b;-><init>();->Landroid/util/Log;->w
: Lcom/google/android/gms/common/b;-><init>();->Landroid/util/Log;->wtf
: Lcom/newsdog/utils/p;->c();->Landroid/util/Log;->e
: Lcom/xiaomi/mipush/sdk/am;->j();->Landroid/content/Intent;->setComponent
: Lcom/xiaomi/mipush/sdk/am;->j();->Landroid/content/Intent;->putExtra
: Lcom/newsdog/n/f/c;->d();->Landroid/util/Log;->e
: Lcom/newsdog/n/f/c;->b();->Landroid/util/Log;->e
: Lcom/newsdog/utils/p;->c();->Landroid/util/Log;->e
: Lcom/xiaomi/mipush/sdk/am;->a();->Landroid/content/Context;->startService
: Lcom/xiaomi/a/a/c/b;->a();->Landroid/util/Log;->v
: Lcom/appsflyer/c;->a();->Landroid/util/Log;->i
: Lcom/simple/database/c/a;->a();->Landroid/database/sqlite/SQLiteDatabase;->query
: Lcom/simple/database/c/a;->a();->Landroid/database/sqlite/SQLiteDatabase;->query
: Lcom/appsflyer/AppsFlyerLib;->a();->Landroid/os/Bundle;->get
: Lcom/appsflyer/c;->a();->Landroid/util/Log;->i
: Lcom/appsflyer/c;->b();->Landroid/util/Log;->d
: Lcom/appsflyer/v;->a();->Ljava/net/URL;->openConnection
: Lcom/appsflyer/v;->a();->Ljava/net/URL;-><init>
: Lcom/appsflyer/c;->a();->Landroid/util/Log;->i
: Lcom/appsflyer/c;->a();->Landroid/util/Log;->i
: Lcom/google/firebase/iid/FirebaseInstanceIdReceiver;->onReceive();->Landroid/content/Intent;->getAction
: Lcom/google/firebase/iid/p;->b();->Landroid/util/Log;->d
: Lcom/google/firebase/iid/p;->b();->Landroid/content/Intent;->setClassName
: Lcom/google/firebase/iid/p;->a();->Landroid/content/Intent;-><init>
: Lcom/google/firebase/messaging/FirebaseMessagingService;->b();->Landroid/os/Bundle;->get
: Lcom/google/firebase/messaging/FirebaseMessagingService;->b();->Landroid/os/Bundle;->getString
: Lcom/google/firebase/messaging/b;->a();->Landroid/os/Bundle;->get
: Lcom/google/firebase/messaging/b;->a();->Landroid/os/Bundle;->getString
: Lcom/google/firebase/messaging/b;->a();->Landroid/os/Bundle;->get
: Lcom/google/firebase/messaging/b;->a();->Landroid/os/Bundle;->getString
: Lcom/google/firebase/messaging/RemoteMessage;->a();->Landroid/os/Bundle;->get
: Lcom/google/firebase/messaging/FirebaseMessagingService;->b();->Landroid/content/Intent;->getExtras
: Lcom/appsflyer/c;->a();->Landroid/util/Log;->i
: Lcom/appsflyer/c;->b();->Landroid/util/Log;->d
: Lcom/appsflyer/v;->a();->Ljava/net/URL;->openConnection
: Lcom/appsflyer/c;->a();->Landroid/util/Log;->i
: Lcom/google/firebase/iid/FirebaseInstanceIdReceiver;->onReceive();->Landroid/content/Intent;->getAction
: Lcom/google/firebase/iid/p;->b();->Landroid/util/Log;->d
: Lcom/google/firebase/iid/p;->b();->Landroid/content/Intent;->setClassName
: Lcom/google/firebase/iid/p;->a();->Landroid/content/Intent;-><init>
: Lcom/google/firebase/messaging/FirebaseMessagingService;->b();->Landroid/os/Bundle;->get
: Lcom/google/firebase/messaging/FirebaseMessagingService;->b();->Landroid/os/Bundle;->getString
: Lcom/google/firebase/messaging/b;->a();->Landroid/os/Bundle;->get
: Lcom/google/firebase/messaging/b;->a();->Landroid/os/Bundle;->getString
: Lcom/google/firebase/messaging/b;->a();->Landroid/os/Bundle;->get
: Lcom/google/firebase/messaging/b;->a();->Landroid/os/Bundle;->getString
: Lcom/google/firebase/messaging/RemoteMessage;->a();->Landroid/os/Bundle;->get
: Lcom/google/firebase/messaging/FirebaseMessagingService;->b();->Landroid/content/Intent;->getExtras
: Lcom/xiaomi/a/a/c/b;->a();->Landroid/util/Log;->v
: Lcom/xiaomi/a/a/c/b;->a();->Landroid/util/Log;->v
: Lcom/xiaomi/a/a/c/b;->a();->Landroid/util/Log;->v
: Lcom/xiaomi/d/d;->a();->Ljava/io/OutputStream;->write
: Lcom/xiaomi/a/a/c/b;->a();->Landroid/util/Log;->v
: Lcom/newsdog/n/f/c;->d();->Landroid/util/Log;->e
: Lcom/newsdog/n/f/c;->b();->Landroid/util/Log;->e
: Lcom/newsdog/quickread/sync/b;->a();->Landroid/accounts/AccountManager;->getAccountsByType
: Lcom/newsdog/quickread/sync/b;->a();->Landroid/accounts/AccountManager;->getAccounts
: Lcom/simple/database/c/a;->a();->Landroid/database/sqlite/SQLiteDatabase;->query
: Lcom/simple/database/c/a;->a();->Landroid/database/sqlite/SQLiteDatabase;->query
: Lcom/simple/database/c/a;->a();->Landroid/database/sqlite/SQLiteDatabase;->query
: Lcom/xiaomi/a/a/c/b;->a();->Landroid/util/Log;->v
: Lcom/facebook/appevents/e;->a();->Landroid/os/Bundle;->putString
: Lcom/facebook/appevents/e;->b();->Landroid/content/Intent;-><init>
: Lcom/facebook/appevents/e;->b();->Landroid/content/Intent;->putExtra
: Lcom/facebook/internal/x;->b();->Landroid/util/Log;->w
: Lcom/facebook/internal/x;->a();->Landroid/util/Log;->w
: Lcom/facebook/FacebookSdk;->c();->Landroid/os/Bundle;->get
: Lcom/facebook/FacebookSdk;->c();->Landroid/os/Bundle;->getBoolean
: Lcom/facebook/FacebookSdk;->c();->Landroid/os/Bundle;->getInt
: Lcom/facebook/FacebookSdk;->c();->Landroid/os/Bundle;->getString
: Lcom/facebook/GraphRequest;->m();->Landroid/os/Bundle;->putString
: Lcom/facebook/GraphRequest;->m();->Landroid/os/Bundle;->putString
: Lcom/facebook/GraphRequest;->b();->Landroid/os/Bundle;->get
: Lcom/facebook/GraphRequest;->b();->Landroid/os/Bundle;->get
: Lcom/facebook/GraphRequest;->b();->Landroid/os/Bundle;->get
: Lcom/facebook/GraphRequest;->a();->Ljava/net/URL;-><init>
: Lcom/facebook/internal/s;->b();->Landroid/content/ContentResolver;->query
: Lcom/facebook/appevents/e;->b();->Landroid/content/Intent;-><init>
: Lcom/facebook/appevents/e;->b();->Landroid/content/Intent;->putExtra
: Lcom/facebook/GraphRequest;->a();->Ljava/net/URL;->openConnection
: Lcom/android/volley/VolleyLog;-><clinit>();->Landroid/util/Log;->i
: Lcom/a/a/c/a;->a();->Landroid/util/Log;->e
: Lcom/a/a/c/k;-><init>();->Landroid/content/Context;->registerReceiver
: Lcom/google/android/gms/common/internal/zzbd;->c();->Landroid/os/Bundle;->get
: Lcom/google/android/gms/common/internal/zzbd;->c();->Landroid/os/Bundle;->getInt
: Lcom/google/android/gms/common/internal/zzbd;->c();->Landroid/os/Bundle;->getString
: Lcom/a/a/c/e;->a();->Ljava/io/OutputStream;->write
: Lcom/newsdog/utils/g;->a();->Landroid/os/Bundle;->get
: Lcom/newsdog/utils/g;->a();->Landroid/os/Bundle;->getString
: Lcom/a/a/c/e;->a();->Ljava/io/OutputStream;->write
: Lcom/google/android/gms/common/b;-><init>();->Landroid/util/Log;->w
: Lcom/newsdog/c/x;->a();->Landroid/util/Log;->e
: Lcom/a/a/c/e;->a();->Ljava/io/OutputStream;->write
: Lcom/a/a/c/e;->a();->Ljava/io/OutputStream;->write
: Lcom/google/android/gms/common/b;-><init>();->Landroid/util/Log;->wtf
: Lcom/google/firebase/a;->a();->Landroid/util/Log;->d
: Lcom/google/android/gms/common/b;-><init>();->Landroid/util/Log;->w
: Lcom/google/android/gms/common/b;-><init>();->Landroid/util/Log;->wtf
: Lcom/google/firebase/iid/q;-><init>();->Landroid/util/Log;->i
: Lcom/google/android/gms/common/b;-><init>();->Landroid/util/Log;->w
: Lcom/google/android/gms/common/b;-><init>();->Landroid/util/Log;->w
: Lcom/google/android/gms/common/b;-><init>();->Landroid/util/Log;->wtf
: Lcom/google/android/gms/common/b;-><init>();->Landroid/util/Log;->wtf
: Lcom/google/android/gms/common/b;-><init>();->Landroid/util/Log;->w
: Lcom/google/android/gms/common/b;-><init>();->Landroid/util/Log;->w
: Lcom/google/android/gms/common/b;-><init>();->Landroid/util/Log;->wtf
: Lcom/a/a/c/e;->a();->Ljava/io/OutputStream;->write
: Lcom/google/android/gms/common/b;-><init>();->Landroid/util/Log;->wtf
: Lcom/google/android/gms/common/b;-><init>();->Landroid/util/Log;->w
: Lcom/google/android/gms/common/b;-><init>();->Landroid/util/Log;->wtf
: Lcom/google/android/gms/common/stats/zza;->a();->Landroid/content/Intent;->getComponent
: Lcom/newsdog/n/f/c;->d();->Landroid/util/Log;->e
: Lcom/newsdog/n/f/c;->b();->Landroid/util/Log;->e
: Lcom/google/android/gms/common/stats/zza;->a();->Landroid/content/Intent;->getComponent
: Lcom/google/android/gms/common/b;-><init>();->Landroid/util/Log;->w
: Lcom/google/android/gms/common/b;-><init>();->Landroid/util/Log;->wtf
: Lcom/google/firebase/a;->a();->Landroid/util/Log;->d
: Lcom/google/android/gms/common/stats/zza;->a();->Landroid/content/Context;->bindService
: Lcom/google/android/gms/ads/identifier/AdvertisingIdClient;->zzd();->Landroid/content/Intent;-><init>
: Lcom/newsdog/utils/h;->a();->Landroid/util/Log;->e
: Lcom/google/android/gms/common/b;-><init>();->Landroid/util/Log;->w
: Lcom/google/android/gms/common/b;-><init>();->Landroid/util/Log;->wtf
: Lcom/google/android/gms/common/b;-><init>();->Landroid/util/Log;->w
: Lcom/google/android/gms/common/b;-><init>();->Landroid/util/Log;->wtf
: Lcom/google/android/gms/common/stats/zza;->a();->Landroid/content/Intent;->getComponent
: Lcom/google/android/gms/common/stats/zza;->a();->Landroid/content/Context;->bindService
: Lcom/google/android/gms/ads/identifier/AdvertisingIdClient;->zzd();->Landroid/content/Intent;-><init>
: Lcom/google/android/gms/common/stats/zza;->a();->Landroid/content/Context;->bindService
: Lcom/google/android/gms/ads/identifier/AdvertisingIdClient;->zzd();->Landroid/content/Intent;-><init>
: Lcom/newsdog/utils/i/a;->a();->Landroid/util/Log;->e
: Lcom/newsdog/app/NewsDogApp;->a();->Landroid/util/Log;->e
: Lcom/a/a/c/e;->a();->Ljava/io/OutputStream;->write
: Lcom/google/android/gms/internal/zzcfl;->a();->Landroid/util/Log;->i
: Lcom/google/android/gms/internal/zzcfl;->a();->Landroid/util/Log;->i
: Lcom/google/android/gms/internal/zzcet;->a();->Ljava/util/Locale;->getCountry
: Lcom/google/android/gms/internal/zzcfl;->a();->Landroid/util/Log;->i
: Lcom/google/android/gms/internal/zzcfl;->a();->Landroid/util/Log;->i
: Lcom/google/android/gms/internal/zzcfl;->a();->Landroid/util/Log;->i
: Lcom/google/android/gms/internal/zzcfl;->a();->Landroid/util/Log;->i
: Lcom/google/android/gms/internal/zzcjg;->B();->Landroid/content/Intent;-><init>
: Lcom/google/android/gms/internal/zzcjg;->B();->Landroid/app/PendingIntent;->getBroadcast
: Lcom/google/android/gms/internal/zzcjg;->B();->Landroid/content/Intent;->setAction
: Lcom/google/android/gms/internal/zzcjg;->B();->Landroid/content/Intent;->setClassName
: Lcom/google/android/gms/internal/zzcfl;->a();->Landroid/util/Log;->i
: Lcom/google/android/gms/internal/zzcfl;->a();->Landroid/util/Log;->i
: Lcom/newsdog/app/NewsDogApp;->j();->Landroid/util/Log;->e
: Lcom/newsdog/app/NewsDogApp;->j();->Landroid/util/Log;->e
: Lcom/newsdog/utils/g;->g();->Landroid/telephony/TelephonyManager;->getDeviceId
: Lcom/google/android/gms/common/b;-><init>();->Landroid/util/Log;->w
: Lcom/google/android/gms/common/b;-><init>();->Landroid/util/Log;->wtf
: Lcom/google/android/gms/common/b;-><init>();->Landroid/util/Log;->w
: Lcom/google/android/gms/common/b;-><init>();->Landroid/util/Log;->wtf
: Lcom/google/android/gms/common/stats/zza;->a();->Landroid/content/Intent;->getComponent
: Lcom/google/android/gms/internal/zzcfl;->a();->Landroid/util/Log;->i
: Lcom/google/android/gms/internal/zzcfl;->a();->Landroid/util/Log;->i
: Lcom/google/android/gms/common/stats/zza;->a();->Landroid/content/Context;->bindService
: Lcom/google/android/gms/ads/identifier/AdvertisingIdClient;->zzd();->Landroid/content/Intent;-><init>
: Lcom/newsdog/utils/p;->c();->Landroid/util/Log;->e
: Lcom/newsdog/app/NewsDogApp;->c();->Landroid/util/Log;->e
: Lcom/appsflyer/c;->a();->Landroid/util/Log;->i
: Lcom/appsflyer/c;->a();->Landroid/util/Log;->i
: Lcom/newsdog/n/d/c;->d();->Landroid/content/Context;->registerReceiver
: Lcom/newsdog/n/d/e;->a();->Landroid/util/Log;->d
: Lcom/appsflyer/c;->b();->Landroid/util/Log;->d
: Lcom/newsdog/n/d/e;->j();->Landroid/content/Intent;-><init>
: Lcom/newsdog/n/d/e;->j();->Landroid/content/Context;->sendBroadcast
: Lcom/appsflyer/c;->b();->Landroid/util/Log;->d
: Lcom/newsdog/n/d/e;->i();->Landroid/content/Intent;-><init>
: Lcom/newsdog/n/d/e;->i();->Landroid/content/Intent;->putExtra
: Lcom/newsdog/n/d/e;->i();->Landroid/content/Context;->sendBroadcast
: Lcom/newsdog/n/d/c$1;->onReceive();->Landroid/content/Intent;->getAction
: Lcom/newsdog/quickread/receiver/QuickReadReceiver;->onReceive();->Landroid/content/Intent;->getAction
: Lcom/newsdog/app/NewsDogApp;->m();->Landroid/content/IntentFilter;->addAction
: Lcom/flurry/sdk/kc;->c();->Landroid/content/Context;->registerReceiver
: Lcom/newsdog/utils/p;->c();->Landroid/util/Log;->e
: Lcom/google/android/gms/common/b;-><init>();->Landroid/util/Log;->w
: Lcom/google/android/gms/common/b;-><init>();->Landroid/util/Log;->wtf
: Lcom/google/android/gms/common/b;-><init>();->Landroid/util/Log;->w
: Lcom/google/android/gms/common/b;-><init>();->Landroid/util/Log;->wtf
: Lcom/google/android/gms/common/stats/zza;->a();->Landroid/content/Intent;->getComponent
: Lcom/xiaomi/mipush/sdk/b;->q();->Landroid/content/Context;->registerReceiver
: Lcom/xiaomi/mipush/sdk/b;->q();->Landroid/content/IntentFilter;->addAction
: Lcom/facebook/appevents/g;->a();->Landroid/util/Log;->d
: Lcom/newsdog/h/c;->a();->Landroid/util/Log;->e
: Lcom/xiaomi/mipush/sdk/am;->j();->Landroid/content/Intent;->setComponent
: Lcom/xiaomi/mipush/sdk/am;->j();->Landroid/content/Intent;->putExtra
: Lcom/google/android/gms/common/b;-><init>();->Landroid/util/Log;->w
: Lcom/facebook/appevents/b;->b();->Landroid/util/Log;->w
: Lcom/google/android/gms/common/b;-><init>();->Landroid/util/Log;->wtf
: Lcom/facebook/appevents/c;->a();->Landroid/os/Bundle;->get
: Lcom/google/android/gms/common/b;-><init>();->Landroid/util/Log;->w
: Lcom/google/android/gms/common/b;-><init>();->Landroid/util/Log;->wtf
: Lcom/xiaomi/mipush/sdk/am;->a();->Landroid/content/Context;->startService
: Lcom/google/android/gms/common/stats/zza;->a();->Landroid/content/Context;->bindService
: Lcom/google/android/gms/ads/identifier/AdvertisingIdClient;->zzd();->Landroid/content/Intent;-><init>
: Lcom/google/android/gms/common/b;-><init>();->Landroid/util/Log;->w
: Lcom/google/android/gms/common/b;-><init>();->Landroid/util/Log;->wtf
: Lcom/google/android/gms/common/b;-><init>();->Landroid/util/Log;->w
: Lcom/google/android/gms/common/b;-><init>();->Landroid/util/Log;->wtf
: Lcom/google/android/gms/common/b;-><init>();->Landroid/util/Log;->w
: Lcom/google/android/gms/common/b;-><init>();->Landroid/util/Log;->wtf
: Lcom/google/android/gms/common/b;-><init>();->Landroid/util/Log;->w
: Lcom/google/android/gms/common/b;-><init>();->Landroid/util/Log;->wtf
: Lcom/google/android/gms/common/stats/zza;->a();->Landroid/content/Intent;->getComponent
: Lcom/google/android/gms/common/b;-><init>();->Landroid/util/Log;->w
: Lcom/google/android/gms/common/b;-><init>();->Landroid/util/Log;->wtf
: Lcom/google/android/gms/common/b;-><init>();->Landroid/util/Log;->w
: Lcom/google/android/gms/common/b;-><init>();->Landroid/util/Log;->wtf
: Lcom/google/android/gms/common/b;-><init>();->Landroid/util/Log;->w
: Lcom/google/android/gms/common/b;-><init>();->Landroid/util/Log;->wtf
: Lcom/google/android/gms/common/b;-><init>();->Landroid/util/Log;->w
: Lcom/google/android/gms/common/b;-><init>();->Landroid/util/Log;->wtf
: Lcom/google/android/gms/common/stats/zza;->a();->Landroid/content/Intent;->getComponent
: Lcom/google/android/gms/common/stats/zza;->a();->Landroid/content/Context;->bindService
: Lcom/google/android/gms/ads/identifier/AdvertisingIdClient;->zzd();->Landroid/content/Intent;-><init>
: Lcom/google/android/gms/common/stats/zza;->a();->Landroid/content/Context;->bindService
: Lcom/google/android/gms/ads/identifier/AdvertisingIdClient;->zzd();->Landroid/content/Intent;-><init>
: Lcom/xiaomi/mipush/sdk/f;->b();->Landroid/content/Intent;-><init>
: Lcom/xiaomi/mipush/sdk/f;->b();->Landroid/content/Intent;->setClassName
: Lcom/google/android/gms/common/b;-><init>();->Landroid/util/Log;->w
: Lcom/google/android/gms/common/b;-><init>();->Landroid/util/Log;->wtf
: Lcom/google/android/gms/common/b;-><init>();->Landroid/util/Log;->w
: Lcom/google/android/gms/common/b;-><init>();->Landroid/util/Log;->wtf
: Lcom/newsdog/utils/p;->c();->Landroid/util/Log;->e
: Lcom/newsdog/n/f/c;->d();->Landroid/util/Log;->e
: Lcom/newsdog/n/f/c;->b();->Landroid/util/Log;->e
: Lcom/newsdog/utils/p;->c();->Landroid/util/Log;->e
: Lcom/google/android/gms/dynamite/DynamiteModule;->c();->Landroid/database/Cursor;->getString
: Lcom/appsflyer/c;->a();->Landroid/util/Log;->i
: Lcom/xiaomi/mipush/sdk/PushServiceReceiver;->onReceive();->Landroid/content/Intent;->getAction
: Lcom/xiaomi/mipush/sdk/PushServiceReceiver;->onReceive();->Landroid/content/Intent;-><init>
: Lcom/xiaomi/mipush/sdk/PushServiceReceiver;->onReceive();->Landroid/content/Intent;->setAction
: Lcom/xiaomi/mipush/sdk/PushServiceReceiver;->onReceive();->Landroid/content/Intent;->putExtra
: Lcom/xiaomi/mipush/sdk/PushServiceReceiver;->onReceive();->Landroid/content/Context;->startService
: Lcom/xiaomi/mipush/sdk/f;->a();->Landroid/content/Intent;-><init>
: Lcom/xiaomi/mipush/sdk/f;->a();->Landroid/content/Intent;->putExtra
: Lcom/xiaomi/mipush/sdk/PushMessageHandler;->onHandleIntent();->Landroid/content/Intent;-><init>
: Lcom/xiaomi/mipush/sdk/PushMessageHandler;->onHandleIntent();->Landroid/content/pm/PackageManager;->queryBroadcastReceivers
: Lcom/xiaomi/mipush/sdk/PushMessageHandler;->onHandleIntent();->Landroid/content/Intent;->putExtra
: Lcom/xiaomi/mipush/sdk/am;->j();->Landroid/content/Intent;->setComponent
: Lcom/xiaomi/mipush/sdk/am;->j();->Landroid/content/Intent;->putExtra
: Lcom/newsdog/n/f/c;->d();->Landroid/util/Log;->e
: Lcom/newsdog/n/f/c;->b();->Landroid/util/Log;->e
: Lcom/newsdog/utils/p;->c();->Landroid/util/Log;->e
: Lcom/xiaomi/mipush/sdk/am;->a();->Landroid/content/Context;->startService
: Lcom/appsflyer/AppsFlyerLib;->a();->Landroid/os/Bundle;->get
: Lcom/newsdog/push/xiaomi/MiMessageReceiver;->onReceiveRegisterResult();->Landroid/util/Log;->e
: Lcom/xiaomi/mipush/sdk/MessageHandleService;->a();->Landroid/content/Intent;->getSerializableExtra
: Lcom/xiaomi/mipush/sdk/PushMessageHandler;->a();->Landroid/content/Intent;-><init>
: Lcom/appsflyer/v;->a();->Ljava/net/URL;-><init>
: Lcom/xiaomi/mipush/sdk/am;->j();->Landroid/content/Intent;->setComponent
: Lcom/xiaomi/mipush/sdk/am;->j();->Landroid/content/Intent;->putExtra
: Lcom/appsflyer/c;->a();->Landroid/util/Log;->i
: Lcom/xiaomi/mipush/sdk/am;->a();->Landroid/content/Context;->startService
: Lcom/xiaomi/mipush/sdk/am;->a();->Landroid/content/Intent;->setAction
: Lcom/xiaomi/mipush/sdk/am;->a();->Landroid/content/Intent;->putExtra
: Lcom/xiaomi/a/a/c/b;->a();->Landroid/util/Log;->v
: Lcom/simple/database/c/a;->a();->Landroid/database/sqlite/SQLiteDatabase;->query
: Lcom/facebook/internal/c;->a();->Landroid/database/Cursor;->getString
: Lcom/facebook/appevents/e;->a();->Landroid/os/Bundle;->putString
: Lcom/facebook/internal/c;->a();->Landroid/database/Cursor;->getString
: Lcom/facebook/internal/Utility;->a();->Ljava/util/Locale;->getCountry
: Lcom/facebook/internal/Utility;->a();->Ljava/util/Locale;->getCountry
: Lcom/facebook/appevents/m;->a();->Landroid/os/Bundle;->putByte
: Lcom/facebook/appevents/m;->a();->Landroid/os/Bundle;->putByteArray
: Lcom/facebook/GraphRequest;->m();->Landroid/os/Bundle;->putString
: Lcom/facebook/GraphRequest;->m();->Landroid/os/Bundle;->putString
: Lcom/facebook/GraphRequest;->b();->Landroid/os/Bundle;->get
: Lcom/facebook/GraphRequest;->b();->Landroid/os/Bundle;->get
: Lcom/facebook/GraphRequest;->b();->Landroid/os/Bundle;->get
: Lcom/facebook/GraphRequest;->a();->Ljava/net/URL;-><init>
: Lcom/facebook/GraphRequest;->a();->Ljava/net/URL;->openConnection
: Lcom/facebook/GraphRequest;->f();->Landroid/os/Bundle;->get
: Lcom/facebook/GraphRequest;->a();->Landroid/os/Bundle;->get
: Lcom/facebook/GraphRequest$b;->a();->Ljava/io/OutputStream;->write
: Lcom/facebook/GraphRequest$b;->a();->Ljava/io/OutputStream;->write
: Lcom/facebook/GraphRequest$b;->a();->Ljava/io/OutputStream;->write
: Lcom/facebook/GraphRequest$b;->a();->Ljava/io/OutputStream;->write
: Lcom/facebook/GraphRequest$b;->a();->Ljava/io/OutputStream;->write
: Lcom/facebook/GraphRequest$b;->a();->Ljava/io/OutputStream;->write
: Lcom/facebook/GraphRequest$b;->a();->Ljava/io/OutputStream;->write
: Lcom/facebook/GraphRequest$b;->a();->Ljava/io/OutputStream;->write
: Lcom/facebook/GraphRequest$b;->a();->Ljava/io/OutputStream;->write
: Lcom/facebook/GraphRequest;->a();->Landroid/os/Bundle;->get
: Lcom/facebook/GraphRequest$b;->a();->Ljava/io/OutputStream;->write
: Lcom/facebook/GraphRequest$b;->a();->Ljava/io/OutputStream;->write
: Lcom/facebook/GraphRequest$b;->a();->Ljava/io/OutputStream;->write
: Lcom/facebook/GraphRequest$b;->a();->Ljava/io/OutputStream;->write
: Lcom/facebook/GraphRequest$b;->a();->Ljava/io/OutputStream;->write
: Lcom/facebook/GraphRequest$b;->a();->Ljava/io/OutputStream;->write
: Lcom/facebook/GraphRequest$b;->a();->Ljava/io/OutputStream;->write
: Lcom/facebook/GraphRequest$b;->a();->Ljava/io/OutputStream;->write
: Lcom/facebook/GraphRequest$b;->a();->Ljava/io/OutputStream;->write
: Lcom/facebook/GraphRequest;->a();->Landroid/os/Bundle;->get
: Lcom/facebook/GraphRequest$b;->a();->Ljava/io/OutputStream;->write
: Lcom/facebook/GraphRequest$b;->a();->Ljava/io/OutputStream;->write
: Lcom/facebook/GraphRequest$b;->a();->Ljava/io/OutputStream;->write
: Lcom/facebook/GraphRequest$b;->a();->Ljava/io/OutputStream;->write
: Lcom/facebook/GraphRequest$b;->a();->Ljava/io/OutputStream;->write
: Lcom/facebook/GraphRequest$b;->a();->Ljava/io/OutputStream;->write
: Lcom/facebook/GraphRequest$b;->a();->Ljava/io/OutputStream;->write
: Lcom/facebook/GraphRequest$b;->a();->Ljava/io/OutputStream;->write
: Lcom/facebook/GraphRequest$b;->a();->Ljava/io/OutputStream;->write
: Lcom/facebook/GraphRequest$b;->a();->Ljava/io/OutputStream;->write
: Lcom/facebook/GraphRequest$b;->a();->Ljava/io/OutputStream;->write
: Lcom/facebook/GraphRequest$b;->a();->Ljava/io/OutputStream;->write
: Lcom/facebook/GraphRequest$b;->a();->Ljava/io/OutputStream;->write
: Lcom/facebook/GraphRequest$b;->a();->Ljava/io/OutputStream;->write
: Lcom/facebook/GraphRequest$b;->a();->Ljava/io/OutputStream;->write
: Lcom/facebook/GraphRequest$b;->a();->Ljava/io/OutputStream;->write
: Lcom/facebook/GraphRequest$b;->a();->Ljava/io/OutputStream;->write
: Lcom/facebook/GraphRequest$b;->a();->Ljava/io/OutputStream;->write
: Lcom/facebook/GraphRequest$b;->a();->Ljava/io/OutputStream;->write
: Lcom/facebook/GraphRequest$b;->a();->Ljava/io/OutputStream;->write
: Lcom/facebook/GraphRequest$b;->a();->Ljava/io/OutputStream;->write
: Lcom/facebook/GraphRequest$b;->a();->Ljava/io/OutputStream;->write
: Lcom/facebook/GraphRequest$b;->a();->Ljava/io/OutputStream;->write
: Lcom/facebook/GraphRequest$b;->a();->Ljava/io/OutputStream;->write
: Lcom/facebook/GraphRequest$b;->a();->Ljava/io/OutputStream;->write
: Lcom/facebook/GraphRequest$b;->a();->Ljava/io/OutputStream;->write
: Lcom/facebook/GraphRequest$b;->a();->Ljava/io/OutputStream;->write
: Lcom/facebook/GraphRequest$b;->a();->Ljava/io/OutputStream;->write
: Lcom/facebook/GraphRequest$b;->a();->Ljava/io/OutputStream;->write
: Lcom/facebook/GraphRequest$b;->a();->Ljava/io/OutputStream;->write
: Lcom/facebook/GraphRequest$b;->a();->Ljava/io/OutputStream;->write
: Lcom/facebook/GraphRequest$b;->a();->Ljava/io/OutputStream;->write
: Lcom/facebook/GraphRequest$b;->a();->Ljava/io/OutputStream;->write
: Lcom/facebook/GraphRequest$b;->a();->Ljava/io/OutputStream;->write
: Lcom/facebook/GraphRequest$b;->a();->Ljava/io/OutputStream;->write
: Lcom/facebook/GraphRequest$b;->a();->Ljava/io/OutputStream;->write
: Lcom/facebook/GraphRequest$b;->a();->Ljava/io/OutputStream;->write
: Lcom/facebook/GraphRequest$b;->a();->Ljava/io/OutputStream;->write
: Lcom/facebook/GraphRequest$b;->a();->Ljava/io/OutputStream;->write
: Lcom/facebook/GraphRequest$b;->a();->Ljava/io/OutputStream;->write
: Lcom/facebook/GraphRequest$b;->a();->Ljava/io/OutputStream;->write
: Lcom/facebook/GraphRequest$b;->a();->Ljava/io/OutputStream;->write
: Lcom/facebook/GraphRequest$b;->a();->Ljava/io/OutputStream;->write
: Lcom/facebook/GraphRequest$b;->a();->Ljava/io/OutputStream;->write
: Lcom/facebook/GraphRequest$b;->a();->Ljava/io/OutputStream;->write
: Lcom/facebook/GraphRequest$b;->a();->Ljava/io/OutputStream;->write
: Lcom/facebook/GraphRequest$b;->a();->Ljava/io/OutputStream;->write
: Lcom/facebook/GraphRequest$b;->a();->Ljava/io/OutputStream;->write
: Lcom/facebook/GraphRequest$b;->a();->Ljava/io/OutputStream;->write
: Lcom/facebook/GraphRequest$b;->a();->Ljava/io/OutputStream;->write
: Lcom/facebook/GraphRequest$b;->a();->Ljava/io/OutputStream;->write
: Lcom/facebook/GraphRequest$b;->a();->Ljava/io/OutputStream;->write
: Lcom/facebook/GraphRequest$b;->a();->Ljava/io/OutputStream;->write
: Lcom/facebook/GraphRequest$b;->a();->Ljava/io/OutputStream;->write
: Lcom/facebook/GraphRequest$b;->a();->Ljava/io/OutputStream;->write
: Lcom/facebook/GraphRequest$b;->a();->Ljava/io/OutputStream;->write
: Lcom/facebook/GraphRequest$b;->a();->Ljava/io/OutputStream;->write
: Lcom/facebook/GraphRequest$b;->a();->Ljava/io/OutputStream;->write
: Lcom/facebook/GraphRequest$b;->a();->Ljava/io/OutputStream;->write
: Lcom/facebook/GraphRequest$b;->a();->Ljava/io/OutputStream;->write
: Lcom/facebook/GraphRequest$b;->a();->Ljava/io/OutputStream;->write
: Lcom/facebook/GraphRequest$b;->a();->Ljava/io/OutputStream;->write
: Lcom/facebook/GraphRequest$b;->a();->Ljava/io/OutputStream;->write
: Lcom/facebook/GraphRequest$b;->a();->Ljava/io/OutputStream;->write
: Lcom/facebook/GraphRequest$b;->a();->Ljava/io/OutputStream;->write
: Lcom/facebook/GraphRequest$b;->a();->Ljava/io/OutputStream;->write
: Lcom/facebook/GraphRequest$b;->a();->Ljava/io/OutputStream;->write
: Lcom/facebook/GraphRequest$b;->a();->Ljava/io/OutputStream;->write
: Lcom/facebook/GraphRequest$b;->a();->Ljava/io/OutputStream;->write
: Lcom/facebook/GraphRequest$b;->a();->Ljava/io/OutputStream;->write
: Lcom/facebook/GraphRequest$b;->a();->Ljava/io/OutputStream;->write
: Lcom/facebook/GraphRequest$b;->a();->Ljava/io/OutputStream;->write
: Lcom/facebook/internal/i;->c();->Landroid/os/Bundle;->putString
: Lcom/facebook/GraphRequest$b;->a();->Ljava/io/OutputStream;->write
: Lcom/facebook/GraphRequest$b;->a();->Ljava/io/OutputStream;->write
: Lcom/facebook/GraphRequest$b;->a();->Ljava/io/OutputStream;->write
: Lcom/facebook/GraphRequest$b;->a();->Ljava/io/OutputStream;->write
: Lcom/facebook/internal/c;->a();->Landroid/util/Log;->e
: Lcom/facebook/GraphRequest$b;->a();->Ljava/io/OutputStream;->write
: Lcom/facebook/GraphRequest$b;->a();->Ljava/io/OutputStream;->write
: Lcom/facebook/GraphRequest$b;->a();->Ljava/io/OutputStream;->write
: Lcom/facebook/GraphRequest$b;->a();->Ljava/io/OutputStream;->write
: Lcom/facebook/GraphRequest$b;->a();->Ljava/io/OutputStream;->write
: Lcom/facebook/GraphRequest$b;->a();->Ljava/io/OutputStream;->write
: Lcom/facebook/GraphRequest$b;->a();->Ljava/io/OutputStream;->write
: Lcom/facebook/GraphRequest$b;->a();->Ljava/io/OutputStream;->write
: Lcom/facebook/GraphRequest$b;->a();->Ljava/io/OutputStream;->write
: Lcom/facebook/internal/Utility;->a();->Ljava/util/Locale;->getCountry
: Lcom/newsdog/app/NewsDogApp;->p();->Landroid/util/Log;->e
: Lcom/newsdog/utils/g;->q();->Landroid/net/wifi/WifiInfo;->getMacAddress
: Lcom/newsdog/utils/p;->c();->Landroid/util/Log;->e
: Lcom/newsdog/utils/h;->a();->Landroid/util/Log;->e
: Lcom/simple/database/c/a;->a();->Landroid/database/sqlite/SQLiteDatabase;->query
: Lcom/facebook/appevents/e;->b();->Landroid/content/Intent;-><init>
: Lcom/facebook/appevents/e;->b();->Landroid/content/Intent;->putExtra
: Lcom/newsdog/utils/p;->c();->Landroid/util/Log;->e
: Lcom/xiaomi/mipush/sdk/am;->j();->Landroid/content/Intent;->setComponent
: Lcom/xiaomi/mipush/sdk/am;->j();->Landroid/content/Intent;->putExtra
: Lcom/google/android/gms/common/b;-><init>();->Landroid/util/Log;->w
: Lcom/google/android/gms/common/b;-><init>();->Landroid/util/Log;->wtf
: Lcom/google/android/gms/common/b;-><init>();->Landroid/util/Log;->w
: Lcom/xiaomi/mipush/sdk/am;->a();->Landroid/content/Context;->startService
: Lcom/google/android/gms/common/b;-><init>();->Landroid/util/Log;->wtf
: Lcom/xiaomi/a/a/c/b;->a();->Landroid/util/Log;->v
: Lcom/newsdog/utils/p;->c();->Landroid/util/Log;->e
: Lcom/newsdog/n/f/c;->d();->Landroid/util/Log;->e
: Lcom/newsdog/n/f/c;->b();->Landroid/util/Log;->e
: Lcom/newsdog/utils/p;->c();->Landroid/util/Log;->e
: Lcom/appsflyer/c;->a();->Landroid/util/Log;->i
: Lcom/simple/database/c/a;->a();->Landroid/database/sqlite/SQLiteDatabase;->query
: Lcom/simple/database/c/a;->a();->Landroid/database/sqlite/SQLiteDatabase;->query
: Lcom/appsflyer/AppsFlyerLib;->a();->Landroid/os/Bundle;->get
: Lcom/appsflyer/c;->a();->Landroid/util/Log;->i
: Lcom/appsflyer/c;->b();->Landroid/util/Log;->d
: Lcom/appsflyer/v;->a();->Ljava/net/URL;->openConnection
: Lcom/appsflyer/c;->a();->Landroid/util/Log;->i
: Lcom/appsflyer/v;->a();->Ljava/net/URL;-><init>
: Lcom/appsflyer/c;->a();->Landroid/util/Log;->i
: Lcom/google/firebase/iid/FirebaseInstanceIdReceiver;->onReceive();->Landroid/content/Intent;->getAction
: Lcom/google/firebase/iid/p;->b();->Landroid/util/Log;->d
: Lcom/google/firebase/iid/p;->b();->Landroid/content/Intent;->setClassName
: Lcom/google/firebase/iid/p;->a();->Landroid/content/Intent;-><init>
: Lcom/google/firebase/messaging/FirebaseMessagingService;->b();->Landroid/os/Bundle;->get
: Lcom/google/firebase/messaging/FirebaseMessagingService;->b();->Landroid/os/Bundle;->getString
: Lcom/google/firebase/messaging/b;->a();->Landroid/os/Bundle;->get
: Lcom/google/firebase/messaging/b;->a();->Landroid/os/Bundle;->getString
: Lcom/google/firebase/messaging/b;->a();->Landroid/os/Bundle;->get
: Lcom/google/firebase/messaging/b;->a();->Landroid/os/Bundle;->getString
: Lcom/google/firebase/messaging/RemoteMessage;->a();->Landroid/os/Bundle;->get
: Lcom/google/firebase/messaging/FirebaseMessagingService;->b();->Landroid/content/Intent;->getExtras
: Lcom/appsflyer/c;->a();->Landroid/util/Log;->i
: Lcom/appsflyer/c;->b();->Landroid/util/Log;->d
: Lcom/appsflyer/v;->a();->Ljava/net/URL;->openConnection
: Lcom/appsflyer/c;->a();->Landroid/util/Log;->i
: Lcom/google/firebase/iid/FirebaseInstanceIdReceiver;->onReceive();->Landroid/content/Intent;->getAction
: Lcom/google/firebase/iid/p;->b();->Landroid/util/Log;->d
: Lcom/google/firebase/iid/p;->b();->Landroid/content/Intent;->setClassName
: Lcom/google/firebase/iid/p;->a();->Landroid/content/Intent;-><init>
: Lcom/google/firebase/messaging/FirebaseMessagingService;->b();->Landroid/os/Bundle;->get
: Lcom/google/firebase/messaging/FirebaseMessagingService;->b();->Landroid/os/Bundle;->getString
: Lcom/google/firebase/messaging/b;->a();->Landroid/os/Bundle;->get
: Lcom/google/firebase/messaging/b;->a();->Landroid/os/Bundle;->getString
: Lcom/google/firebase/messaging/b;->a();->Landroid/os/Bundle;->get
: Lcom/google/firebase/messaging/b;->a();->Landroid/os/Bundle;->getString
: Lcom/google/firebase/messaging/RemoteMessage;->a();->Landroid/os/Bundle;->get
: Lcom/google/firebase/messaging/FirebaseMessagingService;->b();->Landroid/content/Intent;->getExtras
: Lcom/newsdog/n/f/c;->d();->Landroid/util/Log;->e
: Lcom/newsdog/n/f/c;->b();->Landroid/util/Log;->e
: Lcom/newsdog/quickread/sync/b;->a();->Landroid/accounts/AccountManager;->getAccountsByType
: Lcom/newsdog/quickread/sync/b;->a();->Landroid/accounts/AccountManager;->getAccounts
: Lcom/simple/database/c/a;->a();->Landroid/database/sqlite/SQLiteDatabase;->query
: Lcom/simple/database/c/a;->a();->Landroid/database/sqlite/SQLiteDatabase;->query
: Lcom/facebook/appevents/e;->a();->Landroid/os/Bundle;->putString
: Lcom/facebook/appevents/e;->b();->Landroid/content/Intent;-><init>
: Lcom/facebook/appevents/e;->b();->Landroid/content/Intent;->putExtra
: Lcom/appsflyer/c;->a();->Landroid/util/Log;->i
: Lcom/appsflyer/c;->a();->Landroid/util/Log;->i
: Lcom/appsflyer/c;->a();->Landroid/util/Log;->i
: Lcom/google/android/gms/common/b;-><init>();->Landroid/util/Log;->w
: Lcom/google/android/gms/common/b;-><init>();->Landroid/util/Log;->wtf
: Lcom/google/android/gms/common/b;-><init>();->Landroid/util/Log;->w
: Lcom/google/android/gms/common/b;-><init>();->Landroid/util/Log;->wtf
: Lcom/google/android/gms/common/stats/zza;->a();->Landroid/content/Intent;->getComponent
: Lcom/google/android/gms/common/stats/zza;->a();->Landroid/content/Context;->bindService
: Lcom/google/android/gms/ads/identifier/AdvertisingIdClient;->zzd();->Landroid/content/Intent;-><init>
: Lcom/appsflyer/c;->a();->Landroid/util/Log;->i
: Lcom/appsflyer/AppsFlyerLib;->a();->Landroid/content/Intent;-><init>
: Lcom/appsflyer/AppsFlyerLib;->a();->Landroid/content/Intent;->putExtra
: Lcom/appsflyer/AppsFlyerLib;->a();->Landroid/content/Context;->sendBroadcast
: Lcom/appsflyer/AppsFlyerLib;->a();->Landroid/os/Bundle;->get
: Lcom/appsflyer/AppsFlyerLib;->a();->Landroid/os/Bundle;->get
: Lcom/appsflyer/AppsFlyerLib;->getAttributionId();->Landroid/database/Cursor;->getString
: Lcom/google/android/gms/common/b;-><init>();->Landroid/util/Log;->w
: Lcom/google/android/gms/common/b;-><init>();->Landroid/util/Log;->wtf
: Lcom/google/android/gms/common/b;-><init>();->Landroid/util/Log;->w
: Lcom/google/android/gms/common/b;-><init>();->Landroid/util/Log;->wtf
: Lcom/google/android/gms/common/b;-><init>();->Landroid/util/Log;->w
: Lcom/google/android/gms/common/b;-><init>();->Landroid/util/Log;->wtf
: Lcom/google/android/gms/common/b;-><init>();->Landroid/util/Log;->w
: Lcom/google/android/gms/common/b;-><init>();->Landroid/util/Log;->wtf
: Lcom/appsflyer/AppsFlyerLib;->a();->Ljava/util/Locale;->getCountry
: Lcom/appsflyer/c;->a();->Landroid/util/Log;->i
: Lcom/appsflyer/j;->b();->Landroid/content/pm/PackageManager;->queryIntentServices
: Lcom/appsflyer/j;->b();->Landroid/content/pm/PackageManager;->queryIntentServices
: Lcom/appsflyer/c;->c();->Landroid/util/Log;->w
: Lcom/appsflyer/c;->b();->Landroid/util/Log;->d
: Lcom/appsflyer/j;->a();->Landroid/content/Intent;->getIntExtra
: Lcom/appsflyer/j;->a();->Landroid/content/Context;->registerReceiver
: Lcom/appsflyer/j;->a();->Landroid/content/Intent;->getIntExtra
: Lcom/appsflyer/c;->a();->Landroid/util/Log;->i
: Lcom/appsflyer/c;->a();->Landroid/util/Log;->i
: Lcom/appsflyer/c;->a();->Landroid/util/Log;->i
: Lcom/appsflyer/AppsFlyerLib;->a();->Landroid/content/Intent;-><init>
: Lcom/appsflyer/AppsFlyerLib;->a();->Landroid/content/Intent;->putExtra
: Lcom/appsflyer/AppsFlyerLib;->a();->Landroid/content/Context;->sendBroadcast
: Lcom/appsflyer/c;->a();->Landroid/util/Log;->i
: Lcom/appsflyer/AppsFlyerLib;->a();->Landroid/content/Intent;-><init>
: Lcom/appsflyer/AppsFlyerLib;->a();->Landroid/content/Intent;->putExtra
: Lcom/appsflyer/AppsFlyerLib;->a();->Landroid/content/Context;->sendBroadcast
: Lcom/appsflyer/c;->b();->Landroid/util/Log;->d
: Lcom/appsflyer/AppsFlyerLib;->a();->Ljava/net/URL;->openConnection
: Lcom/appsflyer/AppsFlyerLib;->a();->Ljava/net/URL;-><init>
: Lcom/simple/database/c/a;->a();->Landroid/database/sqlite/SQLiteDatabase;->query
: Lcom/newsdog/utils/h;->a();->Landroid/util/Log;->e
: Lcom/newsdog/utils/g;->g();->Landroid/telephony/TelephonyManager;->getDeviceId
: Lcom/newsdog/utils/g;->h();->Landroid/telephony/TelephonyManager;->getSubscriberId
: Lcom/android/volley/toolbox/HurlStack;->a();->Ljava/net/URL;->openConnection
: Lcom/android/volley/toolbox/HurlStack;->performRequest();->Ljava/net/URL;-><init>
: Lcom/android/volley/toolbox/BasicNetwork;->performRequest();->Lorg/apache/http/HttpResponse;->getEntity
: Lcom/newsdog/push/a;->a();->Landroid/os/Bundle;->putString
: Lcom/newsdog/push/a;->a();->Landroid/os/Bundle;->putString
: Lcom/newsdog/push/a;->a();->Landroid/os/Bundle;->putString
: Lcom/newsdog/push/a;->a();->Landroid/os/Bundle;->putString
: Lcom/newsdog/push/a;->a();->Landroid/os/Bundle;->putString
: Lcom/newsdog/push/a;->a();->Landroid/os/Bundle;->putString
: Lcom/newsdog/push/a;->a();->Landroid/os/Bundle;->putString
: Lcom/newsdog/push/a;->a();->Landroid/os/Bundle;->putString
: Lcom/newsdog/n/e/b/h;->a();->Landroid/os/Bundle;->get
: Lcom/newsdog/n/e/b/h;->a();->Landroid/os/Bundle;->getBoolean
: Lcom/newsdog/n/e/b/h;->a();->Landroid/os/Bundle;->getString
: Lcom/newsdog/push/a;->a();->Landroid/os/Bundle;->putString
: Lcom/newsdog/push/a;->a();->Landroid/os/Bundle;->putString
: Lcom/newsdog/push/a;->a();->Landroid/os/Bundle;->putString
: Lcom/newsdog/push/a;->a();->Landroid/os/Bundle;->putString
: Lcom/newsdog/push/a;->a();->Landroid/os/Bundle;->putString
: Lcom/newsdog/push/a;->a();->Landroid/os/Bundle;->putString
: Lcom/newsdog/push/a;->a();->Landroid/os/Bundle;->putString
: Lcom/newsdog/push/a;->a();->Landroid/os/Bundle;->putString
: Lcom/newsdog/n/e/b/h;->a();->Landroid/os/Bundle;->get
: Lcom/newsdog/n/e/b/h;->a();->Landroid/os/Bundle;->getBoolean
: Lcom/newsdog/n/e/b/h;->a();->Landroid/os/Bundle;->getString
: Lcom/newsdog/push/a;->a();->Landroid/os/Bundle;->putString
: Lcom/newsdog/push/a;->a();->Landroid/os/Bundle;->putString
: Lcom/newsdog/push/a;->a();->Landroid/os/Bundle;->putString
: Lcom/newsdog/push/a;->a();->Landroid/os/Bundle;->putString
: Lcom/newsdog/push/a;->a();->Landroid/os/Bundle;->putString
: Lcom/newsdog/push/a;->a();->Landroid/os/Bundle;->putString
: Lcom/newsdog/push/a;->a();->Landroid/os/Bundle;->putString
: Lcom/newsdog/push/a;->a();->Landroid/os/Bundle;->putString
: Lcom/newsdog/n/e/b/h;->a();->Landroid/os/Bundle;->get
: Lcom/newsdog/n/e/b/h;->a();->Landroid/os/Bundle;->getBoolean
: Lcom/newsdog/n/e/b/h;->a();->Landroid/os/Bundle;->getString
: Lcom/google/android/gms/internal/zzcfl;->a();->Landroid/util/Log;->i
: Lcom/simple/database/c/a;->a();->Landroid/database/sqlite/SQLiteDatabase;->query
: Lcom/newsdog/push/common/b/c;->b();->Landroid/os/Bundle;->putBoolean
: Lcom/newsdog/push/common/b/c;->b();->Landroid/os/Bundle;->putString
: Lcom/newsdog/push/common/b/a;->a();->Landroid/content/Intent;->putExtra
: Lcom/newsdog/push/common/b/c;->c();->Landroid/content/Intent;->putExtra
: Lcom/newsdog/push/a;->i();->Landroid/os/Bundle;->get
: Lcom/newsdog/push/a;->i();->Landroid/os/Bundle;->getBoolean
: Lcom/newsdog/push/common/b/c;->a();->Landroid/content/Intent;->getIntExtra
: Lcom/newsdog/push/common/b/c;->a();->Landroid/content/Intent;->getStringExtra
: Lcom/newsdog/push/common/b/c;->a();->Landroid/os/Bundle;->get
: Lcom/newsdog/push/common/b/c;->a();->Landroid/os/Bundle;->getBoolean
: Lcom/newsdog/push/common/b/c;->a();->Landroid/os/Bundle;->getString
: Lcom/newsdog/push/common/b/c;->a();->Landroid/content/Intent;->putExtra
: Lcom/nostra13/universalimageloader/core/download/BaseImageDownloader;->b();->Ljava/net/URL;->openConnection
: Lcom/nostra13/universalimageloader/core/download/BaseImageDownloader;->b();->Ljava/net/URL;-><init>
: Lcom/newsdog/t/a/a;->a();->Landroid/os/Bundle;->putString
: Lcom/newsdog/t/a/a;->a();->Landroid/os/Bundle;->putString
: Lcom/newsdog/t/a/a;->a();->Landroid/os/Bundle;->putString
: Lcom/newsdog/t/a/a;->a();->Landroid/os/Bundle;->putString
: Lcom/newsdog/t/a/a;->a();->Landroid/os/Bundle;->putString
: Lcom/newsdog/push/common/b/c;->a();->Landroid/content/Intent;->putExtra
: Lcom/newsdog/push/common/b/c;->a();->Landroid/content/Intent;->putExtra
: Lcom/nostra13/universalimageloader/cache/disc/impl/ext/DiskLruCache;->a();->Ljava/io/Writer;->write
: Lcom/nostra13/universalimageloader/cache/disc/impl/ext/DiskLruCache$Editor$FaultHidingOutputStream;->write();->Ljava/io/OutputStream;->write
: Lcom/nostra13/universalimageloader/cache/disc/impl/ext/DiskLruCache;->a();->Ljava/io/Writer;->write
: Lcom/nostra13/universalimageloader/cache/disc/impl/ext/DiskLruCache;->get();->Ljava/io/Writer;->append
: Lcom/newsdog/push/common/b/a;->b();->Landroid/app/PendingIntent;->getActivity
: Lcom/newsdog/push/common/b/a;->a();->Landroid/content/Intent;-><init>
: Lcom/newsdog/push/common/b/a;->a();->Landroid/content/Intent;->putExtra
: Lcom/newsdog/push/common/b/a;->c();->Landroid/app/PendingIntent;->getBroadcast
: Lcom/newsdog/quickread/receiver/ScreenReceiver;->onReceive();->Landroid/content/Intent;->getAction
: Lcom/newsdog/push/common/b/c;->b();->Landroid/os/Bundle;->putBoolean
: Lcom/newsdog/push/common/b/c;->b();->Landroid/os/Bundle;->putString
: Lcom/newsdog/push/common/b/a;->a();->Landroid/content/Intent;->putExtra
: Lcom/newsdog/push/common/b/c;->c();->Landroid/content/Intent;->putExtra
: Lcom/newsdog/push/a;->i();->Landroid/os/Bundle;->get
: Lcom/newsdog/push/a;->i();->Landroid/os/Bundle;->getBoolean
: Lcom/newsdog/push/common/b/c;->a();->Landroid/content/Intent;->getIntExtra
: Lcom/newsdog/push/common/b/c;->a();->Landroid/content/Intent;->getStringExtra
: Lcom/newsdog/push/common/b/c;->a();->Landroid/os/Bundle;->get
: Lcom/newsdog/push/common/b/c;->a();->Landroid/os/Bundle;->getBoolean
: Lcom/newsdog/push/common/b/c;->a();->Landroid/os/Bundle;->getString
: Lcom/newsdog/push/common/b/c;->a();->Landroid/content/Intent;->putExtra
: Lcom/newsdog/t/a/a;->a();->Landroid/os/Bundle;->putString
: Lcom/newsdog/t/a/a;->a();->Landroid/os/Bundle;->putString
: Lcom/newsdog/t/a/a;->a();->Landroid/os/Bundle;->putString
: Lcom/newsdog/t/a/a;->a();->Landroid/os/Bundle;->putString
: Lcom/newsdog/t/a/a;->a();->Landroid/os/Bundle;->putString
: Lcom/newsdog/push/common/b/c;->a();->Landroid/content/Intent;->putExtra
: Lcom/newsdog/push/common/b/c;->a();->Landroid/content/Intent;->putExtra
: Lcom/nostra13/universalimageloader/core/download/BaseImageDownloader;->b();->Ljava/net/URL;->openConnection
: Lcom/nostra13/universalimageloader/core/download/BaseImageDownloader;->b();->Ljava/net/URL;-><init>
: Lcom/nostra13/universalimageloader/cache/disc/impl/ext/DiskLruCache;->a();->Ljava/io/Writer;->write
: Lcom/nostra13/universalimageloader/cache/disc/impl/ext/DiskLruCache$Editor$FaultHidingOutputStream;->write();->Ljava/io/OutputStream;->write
: Lcom/nostra13/universalimageloader/cache/disc/impl/ext/DiskLruCache;->a();->Ljava/io/Writer;->write
: Lcom/nostra13/universalimageloader/cache/disc/impl/ext/DiskLruCache;->get();->Ljava/io/Writer;->append
: Lcom/newsdog/push/common/b/a;->b();->Landroid/app/PendingIntent;->getActivity
: Lcom/newsdog/push/common/b/a;->a();->Landroid/content/Intent;-><init>
: Lcom/newsdog/push/common/b/a;->a();->Landroid/content/Intent;->putExtra
: Lcom/newsdog/push/common/b/a;->c();->Landroid/app/PendingIntent;->getBroadcast
: Lcom/simple/database/c/a;->a();->Landroid/database/sqlite/SQLiteDatabase;->query
: Lcom/newsdog/push/common/b/c;->b();->Landroid/os/Bundle;->putBoolean
: Lcom/newsdog/push/common/b/c;->b();->Landroid/os/Bundle;->putString
: Lcom/newsdog/push/common/b/a;->a();->Landroid/content/Intent;->putExtra
: Lcom/newsdog/push/common/b/c;->c();->Landroid/content/Intent;->putExtra
: Lcom/newsdog/push/a;->i();->Landroid/os/Bundle;->get
: Lcom/newsdog/push/a;->i();->Landroid/os/Bundle;->getBoolean
: Lcom/newsdog/push/common/b/c;->a();->Landroid/content/Intent;->getIntExtra
: Lcom/newsdog/push/common/b/c;->a();->Landroid/content/Intent;->getStringExtra
: Lcom/newsdog/push/common/b/c;->a();->Landroid/os/Bundle;->get
: Lcom/newsdog/push/common/b/c;->a();->Landroid/os/Bundle;->getBoolean
: Lcom/newsdog/push/common/b/c;->a();->Landroid/os/Bundle;->getString
: Lcom/newsdog/push/common/b/c;->a();->Landroid/content/Intent;->putExtra
: Lcom/newsdog/t/a/a;->a();->Landroid/os/Bundle;->putString
: Lcom/newsdog/t/a/a;->a();->Landroid/os/Bundle;->putString
: Lcom/newsdog/t/a/a;->a();->Landroid/os/Bundle;->putString
: Lcom/newsdog/t/a/a;->a();->Landroid/os/Bundle;->putString
: Lcom/newsdog/t/a/a;->a();->Landroid/os/Bundle;->putString
: Lcom/newsdog/push/common/b/c;->a();->Landroid/content/Intent;->putExtra
: Lcom/newsdog/push/common/b/c;->a();->Landroid/content/Intent;->putExtra
: Lcom/nostra13/universalimageloader/core/download/BaseImageDownloader;->b();->Ljava/net/URL;->openConnection
: Lcom/nostra13/universalimageloader/core/download/BaseImageDownloader;->b();->Ljava/net/URL;-><init>
: Lcom/nostra13/universalimageloader/cache/disc/impl/ext/DiskLruCache;->a();->Ljava/io/Writer;->write
: Lcom/nostra13/universalimageloader/cache/disc/impl/ext/DiskLruCache$Editor$FaultHidingOutputStream;->write();->Ljava/io/OutputStream;->write
: Lcom/nostra13/universalimageloader/cache/disc/impl/ext/DiskLruCache;->a();->Ljava/io/Writer;->write
: Lcom/nostra13/universalimageloader/cache/disc/impl/ext/DiskLruCache;->get();->Ljava/io/Writer;->append
: Lcom/newsdog/push/common/b/a;->b();->Landroid/app/PendingIntent;->getActivity
: Lcom/newsdog/push/common/b/a;->a();->Landroid/content/Intent;-><init>
: Lcom/newsdog/push/common/b/a;->a();->Landroid/content/Intent;->putExtra
: Lcom/newsdog/push/common/b/a;->c();->Landroid/app/PendingIntent;->getBroadcast
: Lcom/newsdog/utils/h;->a();->Landroid/util/Log;->e
: Lcom/android/volley/toolbox/HurlStack;->a();->Ljava/net/URL;->openConnection
: Lcom/android/volley/toolbox/HurlStack;->performRequest();->Ljava/net/URL;-><init>
: Lcom/android/volley/toolbox/BasicNetwork;->performRequest();->Lorg/apache/http/HttpResponse;->getEntity
: Lcom/newsdog/utils/h;->a();->Landroid/util/Log;->e
: Lcom/android/volley/toolbox/HurlStack;->a();->Ljava/net/URL;->openConnection
: Lcom/android/volley/toolbox/HurlStack;->performRequest();->Ljava/net/URL;-><init>
: Lcom/android/volley/toolbox/BasicNetwork;->performRequest();->Lorg/apache/http/HttpResponse;->getEntity
: Lcom/newsdog/utils/h;->a();->Landroid/util/Log;->e
: Lcom/android/volley/toolbox/HurlStack;->a();->Ljava/net/URL;->openConnection
: Lcom/android/volley/toolbox/HurlStack;->performRequest();->Ljava/net/URL;-><init>
: Lcom/android/volley/toolbox/BasicNetwork;->performRequest();->Lorg/apache/http/HttpResponse;->getEntity
: Lcom/xiaomi/a/a/c/b;->a();->Landroid/util/Log;->v
: Lcom/xiaomi/a/a/c/b;->a();->Landroid/util/Log;->v
: Lcom/xiaomi/a/a/c/b;->a();->Landroid/util/Log;->v
: Lcom/xiaomi/d/d;->a();->Ljava/io/OutputStream;->write
: Lcom/xiaomi/a/a/c/b;->a();->Landroid/util/Log;->v
: Lcom/xiaomi/a/a/c/b;->a();->Landroid/util/Log;->v
