: Lcom/itds/sms/ping/MainActivity;->onCreate();->Landroid/content/Intent;-><init>
: Lcom/itds/sms/ping/MainActivity;->onCreate();->Landroid/app/PendingIntent;->getBroadcast
: Lcom/itds/sms/ping/MainActivity;->onCreate();->Landroid/content/Intent;-><init>
: Lcom/itds/sms/ping/MainActivity;->onCreate();->Landroid/app/PendingIntent;->getBroadcast
: Lcom/itds/sms/ping/MainActivity;->lambda$onCreate$0$MainActivity();->Landroid/telephony/SmsManager;->sendDataMessage
: Lcom/itds/sms/ping/MainActivity$1;->onReceive();->Landroid/content/Intent;->getAction
: Lcom/itds/sms/ping/MainActivity$1;->onReceive();->Landroid/util/Log;->e
: Lcom/itds/sms/ping/MainActivity$1;->onReceive();->Landroid/util/Log;->e
: Lcom/itds/sms/ping/MainActivity$1;->onReceive();->Landroid/content/Intent;->getAction
: Lcom/itds/sms/ping/MainActivity$1;->onReceive();->Landroid/content/Intent;->getAction
: Lcom/itds/sms/ping/MainActivity$1;->onReceive();->Landroid/util/Log;->e
: Lcom/itds/sms/ping/MainActivity$1;->onReceive();->Landroid/util/Log;->e
: Lcom/itds/sms/ping/MainActivity$1;->onReceive();->Landroid/content/Intent;->getByteArrayExtra
: Lcom/itds/sms/ping/MainActivity$1;->onReceive();->Landroid/content/Intent;->getAction
: Lcom/itds/sms/ping/MainActivity$1;->onReceive();->Landroid/content/Intent;->getByteArrayExtra
: Lcom/itds/sms/ping/MainActivity;->getSmsTpdu();->Landroid/util/Log;->d
: Lcom/itds/sms/ping/MainActivity$1;->onReceive();->Landroid/util/Log;->d
: Lcom/itds/sms/ping/MainActivity;->pickContact();->Landroid/content/Intent;-><init>
: Lcom/itds/sms/ping/MainActivity;->onActivityResult();->Landroid/content/Intent;->getData
: Lcom/itds/sms/ping/MainActivity;->onActivityResult();->Landroid/content/ContentResolver;->query
: Lcom/itds/sms/ping/MainActivity;->onActivityResult();->Landroid/database/Cursor;->getString
: Lcom/itds/sms/ping/MainActivity;->lambda$onCreate$0$MainActivity();->Landroid/telephony/SmsManager;->sendDataMessage
: Lcom/itds/sms/ping/MainActivity$1;->onReceive();->Landroid/content/Intent;->getAction
: Lcom/itds/sms/ping/MainActivity$1;->onReceive();->Landroid/util/Log;->e
: Lcom/itds/sms/ping/MainActivity$1;->onReceive();->Landroid/util/Log;->e
: Lcom/itds/sms/ping/MainActivity$1;->onReceive();->Landroid/content/Intent;->getAction
: Lcom/itds/sms/ping/MainActivity$1;->onReceive();->Landroid/content/Intent;->getAction
: Lcom/itds/sms/ping/MainActivity$1;->onReceive();->Landroid/util/Log;->e
: Lcom/itds/sms/ping/MainActivity$1;->onReceive();->Landroid/util/Log;->e
: Lcom/itds/sms/ping/MainActivity$1;->onReceive();->Landroid/content/Intent;->getByteArrayExtra
: Lcom/itds/sms/ping/MainActivity$1;->onReceive();->Landroid/content/Intent;->getAction
: Lcom/itds/sms/ping/MainActivity$1;->onReceive();->Landroid/content/Intent;->getByteArrayExtra
: Lcom/itds/sms/ping/MainActivity;->getSmsTpdu();->Landroid/util/Log;->d
: Lcom/itds/sms/ping/MainActivity$1;->onReceive();->Landroid/util/Log;->d
: Lcom/itds/sms/ping/MainActivity;->onOptionsItemSelected();->Landroid/content/Intent;-><init>
: Lcom/itds/sms/ping/MainActivity;->onCreate();->Landroid/content/Intent;-><init>
: Lcom/itds/sms/ping/MainActivity;->onCreate();->Landroid/app/PendingIntent;->getBroadcast
: Lcom/itds/sms/ping/MainActivity;->onCreate();->Landroid/content/Intent;-><init>
: Lcom/itds/sms/ping/MainActivity;->onCreate();->Landroid/app/PendingIntent;->getBroadcast
