: Lcom.crashlytics.android.core.DevicePowerStateListener;-><init>();->Landroid/content/Context;->registerReceiver
: Lcom.crashlytics.android.core.DevicePowerStateListener;-><init>();->Landroid/content/Context;->registerReceiver
: Lcom.crashlytics.android.core.DevicePowerStateListener;-><init>();->Landroid/content/Context;->registerReceiver
: Lcom.crashlytics.android.core.CodedOutputStream;->refreshBuffer();->Ljava/io/OutputStream;->write
: Lcom.crashlytics.android.core.CodedOutputStream;->refreshBuffer();->Ljava/io/OutputStream;->write
: Lcom.crashlytics.android.core.CodedOutputStream;->refreshBuffer();->Ljava/io/OutputStream;->write
: Lcom.crashlytics.android.core.CodedOutputStream;->refreshBuffer();->Ljava/io/OutputStream;->write
: Lcom.crashlytics.android.core.CodedOutputStream;->refreshBuffer();->Ljava/io/OutputStream;->write
: Lcom.google.android.gms.dynamite.DynamiteModule;->c();->Landroid/util/Log;->i
: Lcom.google.android.gms.dynamite.DynamiteModule;->c();->Landroid/util/Log;->w
: Lcom.google.android.gms.dynamite.DynamiteModule;->c();->Landroid/content/ContentResolver;->query
: Lcom.google.android.gms.dynamite.DynamiteModule;->c();->Landroid/database/Cursor;->getString
: Lcom.ubercab.mobileapptracker.model.SessionStatistics;->setReferral();->Landroid/app/Activity;->getIntent
: Lcom.ubercab.mobileapptracker.model.SessionStatistics;->setTelephonyStatistics();->Ljava/util/Locale;->getCountry
: Lcom.google.android.gms.ads.identifier.AdvertisingIdClient;->finish();->Landroid/content/Intent;-><init>
: Lcom.google.android.gms.ads.identifier.AdvertisingIdClient;->finish();->Landroid/content/Intent;-><init>
: Lcom.google.android.gms.ads.identifier.AdvertisingIdClient;->finish();->Landroid/content/Intent;-><init>
: Lcom.google.android.gms.ads.identifier.AdvertisingIdClient;->finish();->Landroid/content/Intent;-><init>
: Lcom.google.android.gms.common.api.internal.BasePendingResult;->c();->Landroid/util/Log;->w
: Lcom.braintreepayments.api.internal.AnalyticsIntentService;->onHandleIntent();->Landroid/content/Intent;->getStringExtra
: Lcom.braintreepayments.api.internal.AnalyticsIntentService;->onHandleIntent();->Landroid/content/Intent;->getStringExtra
: Lcom.google.android.gms.common.api.internal.BasePendingResult;->c();->Landroid/util/Log;->w
: Lcom.google.android.gms.common.api.internal.BasePendingResult;->c();->Landroid/util/Log;->w
: Lcom.crashlytics.android.core.DevicePowerStateListener;-><init>();->Landroid/content/Context;->registerReceiver
: Lcom.crashlytics.android.core.DevicePowerStateListener;-><init>();->Landroid/content/Context;->registerReceiver
: Lcom.crashlytics.android.core.DevicePowerStateListener;-><init>();->Landroid/content/Context;->registerReceiver
: Lcom.crashlytics.android.core.CodedOutputStream;->refreshBuffer();->Ljava/io/OutputStream;->write
: Lcom.crashlytics.android.core.CodedOutputStream;->refreshBuffer();->Ljava/io/OutputStream;->write
: Lcom.crashlytics.android.core.CodedOutputStream;->refreshBuffer();->Ljava/io/OutputStream;->write
: Lcom.crashlytics.android.core.CodedOutputStream;->refreshBuffer();->Ljava/io/OutputStream;->write
: Lcom.crashlytics.android.core.CodedOutputStream;->refreshBuffer();->Ljava/io/OutputStream;->write
: Lcom.braintreepayments.api.internal.AnalyticsIntentService;->onHandleIntent();->Landroid/content/Intent;->getStringExtra
: Lcom.braintreepayments.api.internal.AnalyticsIntentService;->onHandleIntent();->Landroid/content/Intent;->getStringExtra
: Lcom.google.android.gms.ads.identifier.AdvertisingIdClient;->finish();->Landroid/content/Intent;-><init>
: Lcom.google.android.gms.ads.identifier.AdvertisingIdClient;->finish();->Landroid/content/Intent;-><init>
: Lcom.google.android.gms.ads.identifier.AdvertisingIdClient;->finish();->Landroid/content/Intent;-><init>
